<?xml version="1.0" encoding="UTF-8"?>
<robot generator="Robot 5.0.1 (Python 3.10.4 on linux)" generated="20220709 14:29:24.183" rpa="true" schemaversion="3">
<suite id="s1" name="Dpr" source="/home/eli/PycharmProjects/SeiRecpData/dpr.robot">
<test id="s1-t1" name="Criar diretórios" line="72">
<kw name="Log" library="BuiltIn">
<arg>Diretório atual: /home/eli/PycharmProjects/SeiRecpData</arg>
<arg>console=True</arg>
<doc>Logs the given message with the given level.</doc>
<msg timestamp="20220709 14:29:24.456" level="INFO">Diretório atual: /home/eli/PycharmProjects/SeiRecpData</msg>
<status status="PASS" starttime="20220709 14:29:24.455" endtime="20220709 14:29:24.456"/>
</kw>
<kw name="Create Directory" library="OperatingSystem">
<arg>${Dir_Dados}</arg>
<doc>Creates the specified directory.</doc>
<msg timestamp="20220709 14:29:24.456" level="INFO" html="true">Directory '&lt;a href="file:///home/eli/PycharmProjects/SeiRecpData/data"&gt;/home/eli/PycharmProjects/SeiRecpData/data&lt;/a&gt;' already exists.</msg>
<status status="PASS" starttime="20220709 14:29:24.456" endtime="20220709 14:29:24.456"/>
</kw>
<kw name="Create Directory" library="OperatingSystem">
<arg>${Dir_NaoVisualizados}</arg>
<doc>Creates the specified directory.</doc>
<msg timestamp="20220709 14:29:24.456" level="INFO" html="true">Directory '&lt;a href="file:///home/eli/PycharmProjects/SeiRecpData/data/1_Processos_Nao_Visualizados"&gt;/home/eli/PycharmProjects/SeiRecpData/data/1_Processos_Nao_Visualizados&lt;/a&gt;' already exists.</msg>
<status status="PASS" starttime="20220709 14:29:24.456" endtime="20220709 14:29:24.456"/>
</kw>
<kw name="Create Directory" library="OperatingSystem">
<arg>${Dir_Visualizados}</arg>
<doc>Creates the specified directory.</doc>
<msg timestamp="20220709 14:29:24.457" level="INFO" html="true">Directory '&lt;a href="file:///home/eli/PycharmProjects/SeiRecpData/data/2_Processos_Visualizados"&gt;/home/eli/PycharmProjects/SeiRecpData/data/2_Processos_Visualizados&lt;/a&gt;' already exists.</msg>
<status status="PASS" starttime="20220709 14:29:24.456" endtime="20220709 14:29:24.457"/>
</kw>
<kw name="Create Directory" library="OperatingSystem">
<arg>${Dir_Registrados}</arg>
<doc>Creates the specified directory.</doc>
<msg timestamp="20220709 14:29:24.457" level="INFO" html="true">Directory '&lt;a href="file:///home/eli/PycharmProjects/SeiRecpData/data/3_Processos_Registrados"&gt;/home/eli/PycharmProjects/SeiRecpData/data/3_Processos_Registrados&lt;/a&gt;' already exists.</msg>
<status status="PASS" starttime="20220709 14:29:24.457" endtime="20220709 14:29:24.457"/>
</kw>
<kw name="Create Directory" library="OperatingSystem">
<arg>${Dir_tmp}</arg>
<doc>Creates the specified directory.</doc>
<msg timestamp="20220709 14:29:24.457" level="INFO" html="true">Directory '&lt;a href="file:///home/eli/PycharmProjects/SeiRecpData/data/tmp"&gt;/home/eli/PycharmProjects/SeiRecpData/data/tmp&lt;/a&gt;' already exists.</msg>
<status status="PASS" starttime="20220709 14:29:24.457" endtime="20220709 14:29:24.457"/>
</kw>
<kw name="Create Directory" library="OperatingSystem">
<arg>/home/eli/PycharmProjects/SeiRecpData/results</arg>
<doc>Creates the specified directory.</doc>
<msg timestamp="20220709 14:29:24.457" level="INFO" html="true">Directory '&lt;a href="file:///home/eli/PycharmProjects/SeiRecpData/results"&gt;/home/eli/PycharmProjects/SeiRecpData/results&lt;/a&gt;' already exists.</msg>
<status status="PASS" starttime="20220709 14:29:24.457" endtime="20220709 14:29:24.457"/>
</kw>
<timeout value="3 seconds"/>
<status status="PASS" starttime="20220709 14:29:24.455" endtime="20220709 14:29:24.458"/>
</test>
<test id="s1-t2" name="Autenticar no SEI" line="86">
<kw name="Log" library="BuiltIn">
<arg>Autenticando no SEI...</arg>
<arg>console=True</arg>
<doc>Logs the given message with the given level.</doc>
<msg timestamp="20220709 14:29:24.458" level="INFO">Autenticando no SEI...</msg>
<status status="PASS" starttime="20220709 14:29:24.458" endtime="20220709 14:29:24.458"/>
</kw>
<kw name="Run Keyword" library="BuiltIn">
<arg>Entrar no SEI</arg>
<doc>Executes the given keyword with the given arguments.</doc>
<kw name="Entrar no SEI">
<kw name="Load JSON from file" library="RPA.JSON">
<var>&amp;{config_data}</var>
<arg>/home/eli/PycharmProjects/SeiRecpData/config/config.json</arg>
<doc>Load JSON data from a file, and return it as JSON serializable object.
Depending on the input file the object can be either a dictionary,
a list, or a scalar value.</doc>
<msg timestamp="20220709 14:29:24.459" level="INFO">Loading JSON from file: /home/eli/PycharmProjects/SeiRecpData/config/config.json</msg>
<msg timestamp="20220709 14:29:24.459" level="INFO">&amp;{config_data} = { env=[{'browser': 'headlesschrome'}] | sei=[{'url': 'https://sei.df.gov.br'}, {'orgao': 'TERRACAP'}, {'unidade': 'TERRACAP/PRESI/ASINF'}, {'usuario': '92100027740'}] }</msg>
<status status="PASS" starttime="20220709 14:29:24.459" endtime="20220709 14:29:24.459"/>
</kw>
<kw name="Get values from JSON" library="RPA.JSON">
<var>${Browser_as_list}</var>
<arg>${config_data}</arg>
<arg>$.env[*].browser</arg>
<doc>Get all values from a JSON serializable object that match the given expression.</doc>
<msg timestamp="20220709 14:29:24.460" level="INFO">Get values from JSON with expression: '$.env[*].browser'</msg>
<msg timestamp="20220709 14:29:24.475" level="INFO">${Browser_as_list} = ['headlesschrome']</msg>
<status status="PASS" starttime="20220709 14:29:24.459" endtime="20220709 14:29:24.475"/>
</kw>
<kw name="Get values from JSON" library="RPA.JSON">
<var>${URL_SEI_as_list}</var>
<arg>${config_data}</arg>
<arg>$.sei[*].url</arg>
<doc>Get all values from a JSON serializable object that match the given expression.</doc>
<msg timestamp="20220709 14:29:24.476" level="INFO">Get values from JSON with expression: '$.sei[*].url'</msg>
<msg timestamp="20220709 14:29:24.509" level="INFO">${URL_SEI_as_list} = ['https://sei.df.gov.br']</msg>
<status status="PASS" starttime="20220709 14:29:24.476" endtime="20220709 14:29:24.509"/>
</kw>
<kw name="Get values from JSON" library="RPA.JSON">
<var>${orgao_as_list}</var>
<arg>${config_data}</arg>
<arg>$.sei[*].orgao</arg>
<doc>Get all values from a JSON serializable object that match the given expression.</doc>
<msg timestamp="20220709 14:29:24.510" level="INFO">Get values from JSON with expression: '$.sei[*].orgao'</msg>
<msg timestamp="20220709 14:29:24.526" level="INFO">${orgao_as_list} = ['TERRACAP']</msg>
<status status="PASS" starttime="20220709 14:29:24.509" endtime="20220709 14:29:24.526"/>
</kw>
<kw name="Get values from JSON" library="RPA.JSON">
<var>${unidade_as_list}</var>
<arg>${config_data}</arg>
<arg>$.sei[*].unidade</arg>
<doc>Get all values from a JSON serializable object that match the given expression.</doc>
<msg timestamp="20220709 14:29:24.526" level="INFO">Get values from JSON with expression: '$.sei[*].unidade'</msg>
<msg timestamp="20220709 14:29:24.541" level="INFO">${unidade_as_list} = ['TERRACAP/PRESI/ASINF']</msg>
<status status="PASS" starttime="20220709 14:29:24.526" endtime="20220709 14:29:24.541"/>
</kw>
<kw name="Get values from JSON" library="RPA.JSON">
<var>${login_sei_as_list}</var>
<arg>${config_data}</arg>
<arg>$.sei[*].usuario</arg>
<doc>Get all values from a JSON serializable object that match the given expression.</doc>
<msg timestamp="20220709 14:29:24.542" level="INFO">Get values from JSON with expression: '$.sei[*].usuario'</msg>
<msg timestamp="20220709 14:29:24.555" level="INFO">${login_sei_as_list} = ['92100027740']</msg>
<status status="PASS" starttime="20220709 14:29:24.541" endtime="20220709 14:29:24.555"/>
</kw>
<kw name="Get From List" library="Collections">
<var>${Browser}</var>
<arg>${Browser_as_list}</arg>
<arg>0</arg>
<doc>Returns the value specified with an ``index`` from ``list``.</doc>
<msg timestamp="20220709 14:29:24.555" level="INFO">${Browser} = headlesschrome</msg>
<status status="PASS" starttime="20220709 14:29:24.555" endtime="20220709 14:29:24.555"/>
</kw>
<kw name="Get From List" library="Collections">
<var>${URL_SEI}</var>
<arg>${URL_SEI_as_list}</arg>
<arg>0</arg>
<doc>Returns the value specified with an ``index`` from ``list``.</doc>
<msg timestamp="20220709 14:29:24.556" level="INFO">${URL_SEI} = https://sei.df.gov.br</msg>
<status status="PASS" starttime="20220709 14:29:24.556" endtime="20220709 14:29:24.556"/>
</kw>
<kw name="Get From List" library="Collections">
<var>${orgao}</var>
<arg>${orgao_as_list}</arg>
<arg>0</arg>
<doc>Returns the value specified with an ``index`` from ``list``.</doc>
<msg timestamp="20220709 14:29:24.556" level="INFO">${orgao} = TERRACAP</msg>
<status status="PASS" starttime="20220709 14:29:24.556" endtime="20220709 14:29:24.556"/>
</kw>
<kw name="Get From List" library="Collections">
<var>${unidade}</var>
<arg>${unidade_as_list}</arg>
<arg>0</arg>
<doc>Returns the value specified with an ``index`` from ``list``.</doc>
<msg timestamp="20220709 14:29:24.556" level="INFO">${unidade} = TERRACAP/PRESI/ASINF</msg>
<status status="PASS" starttime="20220709 14:29:24.556" endtime="20220709 14:29:24.556"/>
</kw>
<kw name="Get From List" library="Collections">
<var>${login_sei}</var>
<arg>${login_sei_as_list}</arg>
<arg>0</arg>
<doc>Returns the value specified with an ``index`` from ``list``.</doc>
<msg timestamp="20220709 14:29:24.557" level="INFO">${login_sei} = 92100027740</msg>
<status status="PASS" starttime="20220709 14:29:24.556" endtime="20220709 14:29:24.557"/>
</kw>
<kw name="Senha Sei" library="PassRetrieve">
<var>${senha_sei}</var>
<msg timestamp="20220709 14:29:24.627" level="INFO">${senha_sei} = $4190Cme</msg>
<status status="PASS" starttime="20220709 14:29:24.557" endtime="20220709 14:29:24.627"/>
</kw>
<kw name="Open Browser" library="RPA.Browser.Selenium">
<arg>${URL_SEI}</arg>
<arg>browser=${Browser}</arg>
<doc>Opens a new browser instance to the optional ``url``.</doc>
<msg timestamp="20220709 14:29:24.628" level="INFO">Opening browser 'headlesschrome' to base url 'https://sei.df.gov.br'.</msg>
<status status="PASS" starttime="20220709 14:29:24.627" endtime="20220709 14:29:27.171"/>
</kw>
<kw name="Wait Until Page Contains" library="RPA.Browser.Selenium">
<arg>GOVERNO DO DISTRITO FEDERAL</arg>
<arg>timeout=5s</arg>
<doc>Waits until ``text`` appears on the current page.</doc>
<status status="PASS" starttime="20220709 14:29:27.171" endtime="20220709 14:29:27.183"/>
</kw>
<kw name="Input Text" library="RPA.Browser.Selenium">
<arg>txtUsuario</arg>
<arg>${login_sei}</arg>
<doc>Types the given ``text`` into the text field identified by ``locator``.</doc>
<msg timestamp="20220709 14:29:27.184" level="INFO">Typing text '92100027740' into text field 'txtUsuario'.</msg>
<status status="PASS" starttime="20220709 14:29:27.184" endtime="20220709 14:29:27.240"/>
</kw>
<kw name="Input Text" library="RPA.Browser.Selenium">
<arg>pwdSenha</arg>
<arg>${senha_sei}</arg>
<doc>Types the given ``text`` into the text field identified by ``locator``.</doc>
<msg timestamp="20220709 14:29:27.241" level="INFO">Typing text '$4190Cme' into text field 'pwdSenha'.</msg>
<status status="PASS" starttime="20220709 14:29:27.240" endtime="20220709 14:29:27.288"/>
</kw>
<kw name="Select From List By Label" library="RPA.Browser.Selenium">
<arg>selOrgao</arg>
<arg>${orgao}</arg>
<doc>Selects options from selection list ``locator`` by ``labels``.</doc>
<msg timestamp="20220709 14:29:27.288" level="INFO">Selecting options from selection list 'selOrgao' by label TERRACAP.</msg>
<status status="PASS" starttime="20220709 14:29:27.288" endtime="20220709 14:29:27.328"/>
</kw>
<kw name="Click Button When Visible" library="RPA.Browser.Selenium">
<arg>sbmLogin</arg>
<doc>Click button identified by ``locator``, once it becomes visible.</doc>
<msg timestamp="20220709 14:29:27.343" level="INFO">Clicking button 'sbmLogin'.</msg>
<status status="PASS" starttime="20220709 14:29:27.328" endtime="20220709 14:29:29.447"/>
</kw>
<timeout value="10 seconds"/>
<status status="PASS" starttime="20220709 14:29:24.459" endtime="20220709 14:29:29.447"/>
</kw>
<status status="PASS" starttime="20220709 14:29:24.459" endtime="20220709 14:29:29.447"/>
</kw>
<kw name="Sleep" library="BuiltIn">
<arg>3 s</arg>
<doc>Pauses the test executed for the given time.</doc>
<msg timestamp="20220709 14:29:32.448" level="INFO">Slept 3 seconds</msg>
<status status="PASS" starttime="20220709 14:29:29.447" endtime="20220709 14:29:32.448"/>
</kw>
<kw name="Does Page Contain" library="RPA.Browser.Selenium">
<var>${pag_contem_controledeprocessos}</var>
<arg>Controle de Processos</arg>
<doc>Does page contain expected text</doc>
<msg timestamp="20220709 14:29:32.475" level="INFO">Current page contains text 'Controle de Processos'.</msg>
<msg timestamp="20220709 14:29:32.475" level="INFO">${pag_contem_controledeprocessos} = True</msg>
<status status="PASS" starttime="20220709 14:29:32.449" endtime="20220709 14:29:32.475"/>
</kw>
<if>
<branch type="IF" condition="${pag_contem_controledeprocessos} == ${True}">
<kw name="Log" library="BuiltIn">
<arg>Login realizado com sucesso.</arg>
<arg>console=True</arg>
<doc>Logs the given message with the given level.</doc>
<msg timestamp="20220709 14:29:32.476" level="INFO">Login realizado com sucesso.</msg>
<status status="PASS" starttime="20220709 14:29:32.475" endtime="20220709 14:29:32.476"/>
</kw>
<status status="PASS" starttime="20220709 14:29:32.475" endtime="20220709 14:29:32.476"/>
</branch>
<branch type="ELSE">
<kw name="Fatal Error" library="BuiltIn">
<arg>Falha no login.</arg>
<doc>Stops the whole test execution.</doc>
<status status="NOT RUN" starttime="20220709 14:29:32.476" endtime="20220709 14:29:32.476"/>
</kw>
<status status="NOT RUN" starttime="20220709 14:29:32.476" endtime="20220709 14:29:32.476"/>
</branch>
<status status="PASS" starttime="20220709 14:29:32.475" endtime="20220709 14:29:32.476"/>
</if>
<kw name="Get Window Handles" library="RPA.Browser.Selenium">
<var>${windowhandles}</var>
<doc>Returns all child window handles of the selected browser as a list.</doc>
<msg timestamp="20220709 14:29:32.479" level="INFO">${windowhandles} = ['CDwindow-95E69C7D1A5238099AB3DA543F3C38AB', 'CDwindow-2E8D0DAF606C6FCB744867391BBFABB3']</msg>
<status status="PASS" starttime="20220709 14:29:32.476" endtime="20220709 14:29:32.479"/>
</kw>
<kw name="Switch Window" library="RPA.Browser.Selenium">
<arg>${windowhandles}[1]</arg>
<doc>Switches to browser window matching ``locator``.</doc>
<status status="PASS" starttime="20220709 14:29:32.480" endtime="20220709 14:29:32.532"/>
</kw>
<kw name="Close Window" library="RPA.Browser.Selenium">
<doc>Closes currently opened and selected browser window/tab.</doc>
<status status="PASS" starttime="20220709 14:29:32.533" endtime="20220709 14:29:32.538"/>
</kw>
<kw name="Switch Window" library="RPA.Browser.Selenium">
<arg>${windowhandles}[0]</arg>
<doc>Switches to browser window matching ``locator``.</doc>
<status status="PASS" starttime="20220709 14:29:32.538" endtime="20220709 14:29:32.547"/>
</kw>
<timeout value="10 seconds"/>
<status status="PASS" starttime="20220709 14:29:24.458" endtime="20220709 14:29:32.547"/>
</test>
<test id="s1-t3" name="Monitorar SEI" line="102">
<kw name="Log" library="BuiltIn">
<arg>Verificando se há processos novos recebidos...</arg>
<arg>console=True</arg>
<doc>Logs the given message with the given level.</doc>
<msg timestamp="20220709 14:29:32.548" level="INFO">Verificando se há processos novos recebidos...</msg>
<status status="PASS" starttime="20220709 14:29:32.548" endtime="20220709 14:29:32.549"/>
</kw>
<kw name="Gerar não visualizados SEI">
<kw name="Go To" library="RPA.Browser.Selenium">
<arg>https://sei.df.gov.br/sei</arg>
<doc>Navigates the current browser window to the provided ``url``.</doc>
<msg timestamp="20220709 14:29:32.549" level="INFO">Opening url 'https://sei.df.gov.br/sei'</msg>
<status status="PASS" starttime="20220709 14:29:32.549" endtime="20220709 14:29:32.789"/>
</kw>
<kw name="Wait Until Page Contains Element" library="RPA.Browser.Selenium">
<arg>//*[@id="main-menu"]/li[1]/a</arg>
<doc>Waits until the element ``locator`` appears on the current page.</doc>
<status status="PASS" starttime="20220709 14:29:32.789" endtime="20220709 14:29:32.797"/>
</kw>
<kw name="Click Element" library="RPA.Browser.Selenium">
<arg>//*[@id="main-menu"]/li[1]/a</arg>
<doc>Click the element identified by ``locator``.</doc>
<msg timestamp="20220709 14:29:32.798" level="INFO">Clicking element '//*[@id="main-menu"]/li[1]/a'.</msg>
<status status="PASS" starttime="20220709 14:29:32.798" endtime="20220709 14:29:33.287"/>
</kw>
<kw name="Get Source" library="RPA.Browser.Selenium">
<var>${Source}</var>
<doc>Returns the entire HTML source of the current page or frame.</doc>
<msg timestamp="20220709 14:29:33.300" level="INFO">${Source} = &lt;html lang="pt-br"&gt;&lt;head&gt;
&lt;link rel="shortcut icon" href="favicon.ico" type="image/x-icon"&gt;
&lt;meta http-equiv="Content-Type" content="text/html; charset=iso-8859-1"&gt;
&lt;meta name="robots" content="noinde...</msg>
<status status="PASS" starttime="20220709 14:29:33.287" endtime="20220709 14:29:33.301"/>
</kw>
<kw name="Create File" library="RPA.FileSystem">
<arg>${Dir_tmp}/NaoVis.txt</arg>
<arg>${Source}</arg>
<arg>overwrite=True</arg>
<doc>Creates a new text file, and writes content if any is given.</doc>
<status status="PASS" starttime="20220709 14:29:33.301" endtime="20220709 14:29:33.302"/>
</kw>
<kw name="Run Process" library="Process">
<arg>python3</arg>
<arg>/home/eli/PycharmProjects/SeiRecpData/src/NaoVis.py</arg>
<doc>Runs a process and waits for it to complete.</doc>
<msg timestamp="20220709 14:29:33.302" level="INFO">Starting process:
python3 /home/eli/PycharmProjects/SeiRecpData/src/NaoVis.py</msg>
<msg timestamp="20220709 14:29:33.306" level="INFO">Waiting for process to complete.</msg>
<msg timestamp="20220709 14:29:33.425" level="INFO">Process completed.</msg>
<status status="PASS" starttime="20220709 14:29:33.302" endtime="20220709 14:29:33.425"/>
</kw>
<timeout value="10 seconds"/>
<status status="PASS" starttime="20220709 14:29:32.549" endtime="20220709 14:29:33.426"/>
</kw>
<kw name="Remove File" library="OperatingSystem">
<arg>${Dir_tmp}/NaoVis.txt</arg>
<doc>Removes a file with the given path.</doc>
<msg timestamp="20220709 14:29:33.426" level="INFO" html="true">Removed file '&lt;a href="file:///home/eli/PycharmProjects/SeiRecpData/data/tmp/NaoVis.txt"&gt;/home/eli/PycharmProjects/SeiRecpData/data/tmp/NaoVis.txt&lt;/a&gt;'.</msg>
<status status="PASS" starttime="20220709 14:29:33.426" endtime="20220709 14:29:33.426"/>
</kw>
<kw name="List Files In Directory" library="OperatingSystem">
<var>${ListNaoVis}</var>
<arg>${Dir_NaoVisualizados}</arg>
<doc>Wrapper for `List Directory` that returns only files.</doc>
<msg timestamp="20220709 14:29:33.427" level="INFO" html="true">Listing contents of directory '&lt;a href="file:///home/eli/PycharmProjects/SeiRecpData/data/1_Processos_Nao_Visualizados"&gt;/home/eli/PycharmProjects/SeiRecpData/data/1_Processos_Nao_Visualizados&lt;/a&gt;'.</msg>
<msg timestamp="20220709 14:29:33.427" level="INFO">0 files:
</msg>
<msg timestamp="20220709 14:29:33.427" level="INFO">${ListNaoVis} = []</msg>
<status status="PASS" starttime="20220709 14:29:33.426" endtime="20220709 14:29:33.427"/>
</kw>
<kw name="Run Keyword And Return Status" library="BuiltIn">
<var>${isEmptyListNaoVis}</var>
<arg>Should Be Empty</arg>
<arg>${ListNaoVis}</arg>
<doc>Runs the given keyword with given arguments and returns the status as a Boolean value.</doc>
<kw name="Should Be Empty" library="BuiltIn">
<arg>${ListNaoVis}</arg>
<doc>Verifies that the given item is empty.</doc>
<msg timestamp="20220709 14:29:33.427" level="INFO">Length is 0</msg>
<status status="PASS" starttime="20220709 14:29:33.427" endtime="20220709 14:29:33.427"/>
</kw>
<msg timestamp="20220709 14:29:33.427" level="INFO">${isEmptyListNaoVis} = True</msg>
<status status="PASS" starttime="20220709 14:29:33.427" endtime="20220709 14:29:33.427"/>
</kw>
<if>
<branch type="IF" condition="${isEmptyListNaoVis} == True">
<kw name="Log" library="BuiltIn">
<arg>Nenhum novo processo recebido.</arg>
<arg>console=True</arg>
<doc>Logs the given message with the given level.</doc>
<msg timestamp="20220709 14:29:33.428" level="INFO">Nenhum novo processo recebido.</msg>
<status status="PASS" starttime="20220709 14:29:33.428" endtime="20220709 14:29:33.428"/>
</kw>
<status status="PASS" starttime="20220709 14:29:33.428" endtime="20220709 14:29:33.428"/>
</branch>
<branch type="ELSE">
<kw name="Log" library="BuiltIn">
<arg>Novo(s) processo(s) recebido(s):</arg>
<arg>console=True</arg>
<doc>Logs the given message with the given level.</doc>
<status status="NOT RUN" starttime="20220709 14:29:33.428" endtime="20220709 14:29:33.428"/>
</kw>
<kw name="Log" library="BuiltIn">
<arg>${ListNaoVis}</arg>
<arg>console=True</arg>
<doc>Logs the given message with the given level.</doc>
<status status="NOT RUN" starttime="20220709 14:29:33.428" endtime="20220709 14:29:33.428"/>
</kw>
<status status="NOT RUN" starttime="20220709 14:29:33.428" endtime="20220709 14:29:33.428"/>
</branch>
<status status="PASS" starttime="20220709 14:29:33.427" endtime="20220709 14:29:33.428"/>
</if>
<kw name="Log" library="BuiltIn">
<arg>...fim da verificação.</arg>
<arg>console=True</arg>
<doc>Logs the given message with the given level.</doc>
<msg timestamp="20220709 14:29:33.428" level="INFO">...fim da verificação.</msg>
<status status="PASS" starttime="20220709 14:29:33.428" endtime="20220709 14:29:33.428"/>
</kw>
<timeout value="10 seconds"/>
<status status="PASS" starttime="20220709 14:29:32.548" endtime="20220709 14:29:33.429"/>
</test>
<test id="s1-t4" name="Visualizar processos e extrair informações adicionais" line="119">
<kw name="List Files In Directory" library="OperatingSystem">
<var>${ListNaoVis}</var>
<arg>${Dir_NaoVisualizados}</arg>
<doc>Wrapper for `List Directory` that returns only files.</doc>
<msg timestamp="20220709 14:29:33.430" level="INFO" html="true">Listing contents of directory '&lt;a href="file:///home/eli/PycharmProjects/SeiRecpData/data/1_Processos_Nao_Visualizados"&gt;/home/eli/PycharmProjects/SeiRecpData/data/1_Processos_Nao_Visualizados&lt;/a&gt;'.</msg>
<msg timestamp="20220709 14:29:33.430" level="INFO">0 files:
</msg>
<msg timestamp="20220709 14:29:33.430" level="INFO">${ListNaoVis} = []</msg>
<status status="PASS" starttime="20220709 14:29:33.429" endtime="20220709 14:29:33.430"/>
</kw>
<for flavor="IN">
<var>${file}</var>
<value>@{ListNaoVis}</value>
<iter>
<var name="${file}"/>
<kw name="Log" library="BuiltIn">
<arg>Processando ${file}...</arg>
<arg>console=True</arg>
<doc>Logs the given message with the given level.</doc>
<status status="NOT RUN" starttime="20220709 14:29:33.430" endtime="20220709 14:29:33.430"/>
</kw>
<kw name="Get Current Date" library="DateTime">
<var>${date}</var>
<doc>Returns current local or UTC time with an optional increment.</doc>
<status status="NOT RUN" starttime="20220709 14:29:33.430" endtime="20220709 14:29:33.430"/>
</kw>
<kw name="Load JSON from file" library="RPA.JSON">
<var>&amp;{all_data}</var>
<arg>${Dir_NaoVisualizados}/${file}</arg>
<doc>Load JSON data from a file, and return it as JSON serializable object.
Depending on the input file the object can be either a dictionary,
a list, or a scalar value.</doc>
<status status="NOT RUN" starttime="20220709 14:29:33.430" endtime="20220709 14:29:33.430"/>
</kw>
<kw name="Get values from JSON" library="RPA.JSON">
<var>${id_recproc_task_as_list}</var>
<arg>${all_data}</arg>
<arg>$.MetaData[*].IdTarefaRecebimentoDoProcesso</arg>
<doc>Get all values from a JSON serializable object that match the given expression.</doc>
<status status="NOT RUN" starttime="20220709 14:29:33.430" endtime="20220709 14:29:33.430"/>
</kw>
<kw name="Get values from JSON" library="RPA.JSON">
<var>${num_proc_as_list}</var>
<arg>${all_data}</arg>
<arg>$.ProcessData[*].NumeroDoProcessoSei</arg>
<doc>Get all values from a JSON serializable object that match the given expression.</doc>
<status status="NOT RUN" starttime="20220709 14:29:33.430" endtime="20220709 14:29:33.430"/>
</kw>
<kw name="Get values from JSON" library="RPA.JSON">
<var>${id_proc_as_list}</var>
<arg>${all_data}</arg>
<arg>$.ProcessData[*].IdProcedimentoDoProcesso</arg>
<doc>Get all values from a JSON serializable object that match the given expression.</doc>
<status status="NOT RUN" starttime="20220709 14:29:33.430" endtime="20220709 14:29:33.430"/>
</kw>
<kw name="Get values from JSON" library="RPA.JSON">
<var>${tip_proc_as_list}</var>
<arg>${all_data}</arg>
<arg>$.ProcessData[*].TipoDoProcesso</arg>
<doc>Get all values from a JSON serializable object that match the given expression.</doc>
<status status="NOT RUN" starttime="20220709 14:29:33.431" endtime="20220709 14:29:33.431"/>
</kw>
<kw name="Get values from JSON" library="RPA.JSON">
<var>${spec_proc_as_list}</var>
<arg>${all_data}</arg>
<arg>$.ProcessData[*].EspecificacaoDoProcesso</arg>
<doc>Get all values from a JSON serializable object that match the given expression.</doc>
<status status="NOT RUN" starttime="20220709 14:29:33.431" endtime="20220709 14:29:33.431"/>
</kw>
<kw name="Get From List" library="Collections">
<var>${id_recproc_task}</var>
<arg>${id_recproc_task_as_list}</arg>
<arg>0</arg>
<doc>Returns the value specified with an ``index`` from ``list``.</doc>
<status status="NOT RUN" starttime="20220709 14:29:33.431" endtime="20220709 14:29:33.431"/>
</kw>
<kw name="Get From List" library="Collections">
<var>${id_proc}</var>
<arg>${id_proc_as_list}</arg>
<arg>0</arg>
<doc>Returns the value specified with an ``index`` from ``list``.</doc>
<status status="NOT RUN" starttime="20220709 14:29:33.431" endtime="20220709 14:29:33.431"/>
</kw>
<kw name="Get From List" library="Collections">
<var>${num_proc}</var>
<arg>${num_proc_as_list}</arg>
<arg>0</arg>
<doc>Returns the value specified with an ``index`` from ``list``.</doc>
<status status="NOT RUN" starttime="20220709 14:29:33.431" endtime="20220709 14:29:33.431"/>
</kw>
<kw name="Get From List" library="Collections">
<var>${tip_proc}</var>
<arg>${tip_proc_as_list}</arg>
<arg>0</arg>
<doc>Returns the value specified with an ``index`` from ``list``.</doc>
<status status="NOT RUN" starttime="20220709 14:29:33.431" endtime="20220709 14:29:33.431"/>
</kw>
<kw name="Get From List" library="Collections">
<var>${spec_proc}</var>
<arg>${spec_proc_as_list}</arg>
<arg>0</arg>
<doc>Returns the value specified with an ``index`` from ``list``.</doc>
<status status="NOT RUN" starttime="20220709 14:29:33.431" endtime="20220709 14:29:33.431"/>
</kw>
<kw name="Go To" library="RPA.Browser.Selenium">
<arg>https://sei.df.gov.br/sei/controlador.php?acao=procedimento_trabalhar&amp;id_procedimento=${id_proc}</arg>
<doc>Navigates the current browser window to the provided ``url``.</doc>
<status status="NOT RUN" starttime="20220709 14:29:33.431" endtime="20220709 14:29:33.431"/>
</kw>
<kw name="Sleep" library="BuiltIn">
<arg>500ms</arg>
<doc>Pauses the test executed for the given time.</doc>
<status status="NOT RUN" starttime="20220709 14:29:33.431" endtime="20220709 14:29:33.432"/>
</kw>
<kw name="Select Frame" library="RPA.Browser.Selenium">
<arg>id=ifrArvore</arg>
<doc>Sets frame identified by ``locator`` as the current frame.</doc>
<status status="NOT RUN" starttime="20220709 14:29:33.432" endtime="20220709 14:29:33.432"/>
</kw>
<kw name="Wait Until Page Contains Element" library="RPA.Browser.Selenium">
<arg>//*[@id="divConsultarAndamento"]/a/span</arg>
<arg>timeout= 5</arg>
<doc>Waits until the element ``locator`` appears on the current page.</doc>
<status status="NOT RUN" starttime="20220709 14:29:33.432" endtime="20220709 14:29:33.432"/>
</kw>
<kw name="Click Element" library="RPA.Browser.Selenium">
<arg>//*[@id="divConsultarAndamento"]/a/span</arg>
<doc>Click the element identified by ``locator``.</doc>
<status status="NOT RUN" starttime="20220709 14:29:33.432" endtime="20220709 14:29:33.432"/>
</kw>
<kw name="Unselect Frame" library="RPA.Browser.Selenium">
<doc>Sets the main frame as the current frame.</doc>
<status status="NOT RUN" starttime="20220709 14:29:33.432" endtime="20220709 14:29:33.432"/>
</kw>
<kw name="Select Frame" library="RPA.Browser.Selenium">
<arg>id=ifrVisualizacao</arg>
<doc>Sets frame identified by ``locator`` as the current frame.</doc>
<status status="NOT RUN" starttime="20220709 14:29:33.432" endtime="20220709 14:29:33.432"/>
</kw>
<kw name="Get Text" library="RPA.Browser.Selenium">
<var>${hist_andamento}</var>
<arg>//body</arg>
<doc>Returns the text value of the element identified by ``locator``.</doc>
<status status="NOT RUN" starttime="20220709 14:29:33.432" endtime="20220709 14:29:33.432"/>
</kw>
<kw name="Create File" library="RPA.FileSystem">
<arg>${Dir_tmp}/hist.txt</arg>
<arg>${hist_andamento}</arg>
<arg>overwrite=True</arg>
<doc>Creates a new text file, and writes content if any is given.</doc>
<status status="NOT RUN" starttime="20220709 14:29:33.432" endtime="20220709 14:29:33.432"/>
</kw>
<kw name="Sleep" library="BuiltIn">
<arg>500ms</arg>
<doc>Pauses the test executed for the given time.</doc>
<status status="NOT RUN" starttime="20220709 14:29:33.432" endtime="20220709 14:29:33.432"/>
</kw>
<kw name="Unselect Frame" library="RPA.Browser.Selenium">
<doc>Sets the main frame as the current frame.</doc>
<status status="NOT RUN" starttime="20220709 14:29:33.433" endtime="20220709 14:29:33.433"/>
</kw>
<kw name="Select Frame" library="RPA.Browser.Selenium">
<arg>id=ifrArvore</arg>
<doc>Sets frame identified by ``locator`` as the current frame.</doc>
<status status="NOT RUN" starttime="20220709 14:29:33.433" endtime="20220709 14:29:33.433"/>
</kw>
<kw name="Sleep" library="BuiltIn">
<arg>50ms</arg>
<doc>Pauses the test executed for the given time.</doc>
<status status="NOT RUN" starttime="20220709 14:29:33.433" endtime="20220709 14:29:33.433"/>
</kw>
<kw name="Get Source" library="RPA.Browser.Selenium">
<var>${src_arvore}</var>
<doc>Returns the entire HTML source of the current page or frame.</doc>
<status status="NOT RUN" starttime="20220709 14:29:33.433" endtime="20220709 14:29:33.433"/>
</kw>
<kw name="Create File" library="RPA.FileSystem">
<arg>${Dir_tmp}/src_arvore.txt</arg>
<arg>${src_arvore}</arg>
<arg>overwrite=True</arg>
<doc>Creates a new text file, and writes content if any is given.</doc>
<status status="NOT RUN" starttime="20220709 14:29:33.433" endtime="20220709 14:29:33.433"/>
</kw>
<kw name="Is Restrict" library="TrataInfoArvore">
<var>${isRestrict}</var>
<status status="NOT RUN" starttime="20220709 14:29:33.433" endtime="20220709 14:29:33.433"/>
</kw>
<kw name="Is Personal Info" library="TrataInfoArvore">
<var>${isPersonalInfo}</var>
<status status="NOT RUN" starttime="20220709 14:29:33.433" endtime="20220709 14:29:33.433"/>
</kw>
<kw name="Restrict Motivation" library="TrataInfoArvore">
<var>${restrictMotivation}</var>
<status status="NOT RUN" starttime="20220709 14:29:33.434" endtime="20220709 14:29:33.434"/>
</kw>
<kw name="Date Retorno Programado" library="TrataInfoArvore">
<var>${retornoProgramado}</var>
<status status="NOT RUN" starttime="20220709 14:29:33.434" endtime="20220709 14:29:33.434"/>
</kw>
<kw name="Acomp Esp Group" library="TrataInfoArvore">
<var>${acompEspGroup}</var>
<status status="NOT RUN" starttime="20220709 14:29:33.434" endtime="20220709 14:29:33.434"/>
</kw>
<kw name="Marcador Group" library="TrataInfoArvore">
<var>${marcadorGroup}</var>
<status status="NOT RUN" starttime="20220709 14:29:33.434" endtime="20220709 14:29:33.434"/>
</kw>
<kw name="Set Infoadicionais" library="TrataInfoArvore">
<var>${set_infoadicionais}</var>
<status status="NOT RUN" starttime="20220709 14:29:33.434" endtime="20220709 14:29:33.434"/>
</kw>
<kw name="Remove File" library="OperatingSystem">
<arg>${Dir_tmp}/src_arvore.txt</arg>
<doc>Removes a file with the given path.</doc>
<status status="NOT RUN" starttime="20220709 14:29:33.434" endtime="20220709 14:29:33.434"/>
</kw>
<kw name="Update value to JSON" library="RPA.JSON">
<var>${all_data}</var>
<arg>${all_data}</arg>
<arg>$.ProcessData[*].BoolProcessoRestrito</arg>
<arg>${isRestrict}</arg>
<doc>Update existing values in a JSON serializable object and return the result.
Will change all values that match the expression.</doc>
<status status="NOT RUN" starttime="20220709 14:29:33.434" endtime="20220709 14:29:33.434"/>
</kw>
<kw name="Update value to JSON" library="RPA.JSON">
<var>${all_data}</var>
<arg>${all_data}</arg>
<arg>$.ProcessData[*].BoolInformacaoPessoal</arg>
<arg>${isPersonalInfo}</arg>
<doc>Update existing values in a JSON serializable object and return the result.
Will change all values that match the expression.</doc>
<status status="NOT RUN" starttime="20220709 14:29:33.435" endtime="20220709 14:29:33.435"/>
</kw>
<kw name="Update value to JSON" library="RPA.JSON">
<var>${all_data}</var>
<arg>${all_data}</arg>
<arg>$.ProcessData[*].MotivacaoProcessoRestrito</arg>
<arg>${restrictMotivation}</arg>
<doc>Update existing values in a JSON serializable object and return the result.
Will change all values that match the expression.</doc>
<status status="NOT RUN" starttime="20220709 14:29:33.435" endtime="20220709 14:29:33.435"/>
</kw>
<kw name="Update value to JSON" library="RPA.JSON">
<var>${all_data}</var>
<arg>${all_data}</arg>
<arg>$.ProcessData[*].RetornoProgramado</arg>
<arg>${retornoProgramado}</arg>
<doc>Update existing values in a JSON serializable object and return the result.
Will change all values that match the expression.</doc>
<status status="NOT RUN" starttime="20220709 14:29:33.435" endtime="20220709 14:29:33.435"/>
</kw>
<kw name="Update value to JSON" library="RPA.JSON">
<var>${all_data}</var>
<arg>${all_data}</arg>
<arg>$.ProcessData[*].GrupoAcompanhamentoEspecial</arg>
<arg>${acompEspGroup}</arg>
<doc>Update existing values in a JSON serializable object and return the result.
Will change all values that match the expression.</doc>
<status status="NOT RUN" starttime="20220709 14:29:33.435" endtime="20220709 14:29:33.435"/>
</kw>
<kw name="Update value to JSON" library="RPA.JSON">
<var>${all_data}</var>
<arg>${all_data}</arg>
<arg>$.ProcessData[*].GrupoMarcador</arg>
<arg>${marcadorGroup}</arg>
<doc>Update existing values in a JSON serializable object and return the result.
Will change all values that match the expression.</doc>
<status status="NOT RUN" starttime="20220709 14:29:33.435" endtime="20220709 14:29:33.435"/>
</kw>
<kw name="Update value to JSON" library="RPA.JSON">
<var>${all_data}</var>
<arg>${all_data}</arg>
<arg>$.ProcessData[*].UnidadesComProcessoAbertoNoMomentoDaCriacaoDaTarefa</arg>
<arg>${set_infoadicionais}</arg>
<doc>Update existing values in a JSON serializable object and return the result.
Will change all values that match the expression.</doc>
<status status="NOT RUN" starttime="20220709 14:29:33.435" endtime="20220709 14:29:33.435"/>
</kw>
<kw name="Save JSON to file" library="RPA.JSON">
<arg>${all_data}</arg>
<arg>${Dir_NaoVisualizados}/${file}</arg>
<doc>Save a JSON serializable object or a string containing
a JSON value into a file.</doc>
<status status="NOT RUN" starttime="20220709 14:29:33.435" endtime="20220709 14:29:33.435"/>
</kw>
<kw name="Wait Until Page Contains" library="RPA.Browser.Selenium">
<arg>Ver</arg>
<arg>timeout= 5</arg>
<doc>Waits until ``text`` appears on the current page.</doc>
<status status="NOT RUN" starttime="20220709 14:29:33.435" endtime="20220709 14:29:33.435"/>
</kw>
<kw name="Does Page Contain" library="RPA.Browser.Selenium">
<var>${pag_contem_resumido}</var>
<arg>resumido</arg>
<doc>Does page contain expected text</doc>
<status status="NOT RUN" starttime="20220709 14:29:33.435" endtime="20220709 14:29:33.435"/>
</kw>
<if>
<branch type="IF" condition="${pag_contem_resumido} == ${True}">
<kw name="Unselect Frame" library="RPA.Browser.Selenium">
<doc>Sets the main frame as the current frame.</doc>
<status status="NOT RUN" starttime="20220709 14:29:33.436" endtime="20220709 14:29:33.436"/>
</kw>
<kw name="Select Frame" library="RPA.Browser.Selenium">
<arg>id=ifrVisualizacao</arg>
<doc>Sets frame identified by ``locator`` as the current frame.</doc>
<status status="NOT RUN" starttime="20220709 14:29:33.436" endtime="20220709 14:29:33.436"/>
</kw>
<kw name="Click Element" library="RPA.Browser.Selenium">
<arg>//*[@id="ancTipoHistorico"]</arg>
<doc>Click the element identified by ``locator``.</doc>
<status status="NOT RUN" starttime="20220709 14:29:33.436" endtime="20220709 14:29:33.436"/>
</kw>
<status status="NOT RUN" starttime="20220709 14:29:33.436" endtime="20220709 14:29:33.436"/>
</branch>
<status status="NOT RUN" starttime="20220709 14:29:33.435" endtime="20220709 14:29:33.436"/>
</if>
<for flavor="IN RANGE">
<var>${index}</var>
<value>100</value>
<iter>
<var name="${index}"/>
<kw name="Unselect Frame" library="RPA.Browser.Selenium">
<doc>Sets the main frame as the current frame.</doc>
<status status="NOT RUN" starttime="20220709 14:29:33.436" endtime="20220709 14:29:33.436"/>
</kw>
<kw name="Select Frame" library="RPA.Browser.Selenium">
<arg>id=ifrVisualizacao</arg>
<doc>Sets frame identified by ``locator`` as the current frame.</doc>
<status status="NOT RUN" starttime="20220709 14:29:33.436" endtime="20220709 14:29:33.436"/>
</kw>
<kw name="Wait Until Page Contains" library="RPA.Browser.Selenium">
<arg>Ver</arg>
<arg>timeout= 5</arg>
<doc>Waits until ``text`` appears on the current page.</doc>
<status status="NOT RUN" starttime="20220709 14:29:33.436" endtime="20220709 14:29:33.436"/>
</kw>
<kw name="Get Text" library="RPA.Browser.Selenium">
<var>${hist_andamento}</var>
<arg>//body</arg>
<doc>Returns the text value of the element identified by ``locator``.</doc>
<status status="NOT RUN" starttime="20220709 14:29:33.436" endtime="20220709 14:29:33.436"/>
</kw>
<kw name="Create File" library="RPA.FileSystem">
<arg>${Dir_tmp}/hist.txt</arg>
<arg>${hist_andamento}</arg>
<arg>overwrite=True</arg>
<doc>Creates a new text file, and writes content if any is given.</doc>
<status status="NOT RUN" starttime="20220709 14:29:33.436" endtime="20220709 14:29:33.436"/>
</kw>
<kw name="Ultimo Setor Remetente Do Processo" library="TrataHist">
<var>${ultimo_setor_remetente}</var>
<status status="NOT RUN" starttime="20220709 14:29:33.436" endtime="20220709 14:29:33.436"/>
</kw>
<kw name="Run Keyword And Return Status" library="BuiltIn">
<var>${isEmpty}</var>
<arg>Should Be Empty</arg>
<arg>${ultimo_setor_remetente}</arg>
<doc>Runs the given keyword with given arguments and returns the status as a Boolean value.</doc>
<status status="NOT RUN" starttime="20220709 14:29:33.437" endtime="20220709 14:29:33.437"/>
</kw>
<if>
<branch type="IF" condition="${isEmpty} == True">
<kw name="Does Page Contain Element" library="RPA.Browser.Selenium">
<var>${existe_prox_pag_hist}</var>
<arg>//*[@id="lnkInfraProximaPaginaSuperior"]</arg>
<doc>Does page contain expected element</doc>
<status status="NOT RUN" starttime="20220709 14:29:33.437" endtime="20220709 14:29:33.437"/>
</kw>
<if>
<branch type="IF" condition="${existe_prox_pag_hist} == True">
<kw name="Click Element" library="RPA.Browser.Selenium">
<arg>//*[@id="lnkInfraProximaPaginaSuperior"]</arg>
<doc>Click the element identified by ``locator``.</doc>
<status status="NOT RUN" starttime="20220709 14:29:33.437" endtime="20220709 14:29:33.437"/>
</kw>
<kw name="Get Text" library="RPA.Browser.Selenium">
<var>${hist_andamento}</var>
<arg>//body</arg>
<doc>Returns the text value of the element identified by ``locator``.</doc>
<status status="NOT RUN" starttime="20220709 14:29:33.437" endtime="20220709 14:29:33.437"/>
</kw>
<kw name="Create File" library="RPA.FileSystem">
<arg>${Dir_tmp}/hist.txt</arg>
<arg>${hist_andamento}</arg>
<arg>overwrite=True</arg>
<doc>Creates a new text file, and writes content if any is given.</doc>
<status status="NOT RUN" starttime="20220709 14:29:33.437" endtime="20220709 14:29:33.437"/>
</kw>
<kw name="Ultimo Setor Remetente Do Processo" library="TrataHist">
<var>${ultimo_setor_remetente}</var>
<status status="NOT RUN" starttime="20220709 14:29:33.437" endtime="20220709 14:29:33.437"/>
</kw>
<status status="NOT RUN" starttime="20220709 14:29:33.437" endtime="20220709 14:29:33.437"/>
</branch>
<branch type="ELSE">
<kw name="Set Variable" library="BuiltIn">
<var>${ultimo_setor_remetente}</var>
<arg>NULL</arg>
<doc>Returns the given values which can then be assigned to a variables.</doc>
<status status="NOT RUN" starttime="20220709 14:29:33.437" endtime="20220709 14:29:33.437"/>
</kw>
<kw name="Exit For Loop" library="BuiltIn">
<doc>Stops executing the enclosing FOR loop.</doc>
<status status="NOT RUN" starttime="20220709 14:29:33.437" endtime="20220709 14:29:33.437"/>
</kw>
<status status="NOT RUN" starttime="20220709 14:29:33.437" endtime="20220709 14:29:33.437"/>
</branch>
<status status="NOT RUN" starttime="20220709 14:29:33.437" endtime="20220709 14:29:33.437"/>
</if>
<status status="NOT RUN" starttime="20220709 14:29:33.437" endtime="20220709 14:29:33.437"/>
</branch>
<branch type="ELSE">
<kw name="Exit For Loop" library="BuiltIn">
<doc>Stops executing the enclosing FOR loop.</doc>
<status status="NOT RUN" starttime="20220709 14:29:33.437" endtime="20220709 14:29:33.437"/>
</kw>
<status status="NOT RUN" starttime="20220709 14:29:33.437" endtime="20220709 14:29:33.438"/>
</branch>
<status status="NOT RUN" starttime="20220709 14:29:33.437" endtime="20220709 14:29:33.438"/>
</if>
<kw name="Does Page Contain Element" library="RPA.Browser.Selenium">
<var>${existe_prox_pag_hist}</var>
<arg>//*[@id="lnkInfraProximaPaginaSuperior"]</arg>
<doc>Does page contain expected element</doc>
<status status="NOT RUN" starttime="20220709 14:29:33.438" endtime="20220709 14:29:33.438"/>
</kw>
<status status="NOT RUN" starttime="20220709 14:29:33.436" endtime="20220709 14:29:33.438"/>
</iter>
<status status="NOT RUN" starttime="20220709 14:29:33.436" endtime="20220709 14:29:33.438"/>
</for>
<kw name="Update value to JSON" library="RPA.JSON">
<var>${all_data}</var>
<arg>${all_data}</arg>
<arg>$.ProcessData[*].UltimoSetorRemetenteDoProcesso</arg>
<arg>${ultimo_setor_remetente}</arg>
<doc>Update existing values in a JSON serializable object and return the result.
Will change all values that match the expression.</doc>
<status status="NOT RUN" starttime="20220709 14:29:33.438" endtime="20220709 14:29:33.438"/>
</kw>
<kw name="Save JSON to file" library="RPA.JSON">
<arg>${all_data}</arg>
<arg>${Dir_NaoVisualizados}/${file}</arg>
<doc>Save a JSON serializable object or a string containing
a JSON value into a file.</doc>
<status status="NOT RUN" starttime="20220709 14:29:33.438" endtime="20220709 14:29:33.438"/>
</kw>
<for flavor="IN RANGE">
<var>${index}</var>
<value>100</value>
<iter>
<var name="${index}"/>
<kw name="Unselect Frame" library="RPA.Browser.Selenium">
<doc>Sets the main frame as the current frame.</doc>
<status status="NOT RUN" starttime="20220709 14:29:33.438" endtime="20220709 14:29:33.438"/>
</kw>
<kw name="Select Frame" library="RPA.Browser.Selenium">
<arg>id=ifrVisualizacao</arg>
<doc>Sets frame identified by ``locator`` as the current frame.</doc>
<status status="NOT RUN" starttime="20220709 14:29:33.438" endtime="20220709 14:29:33.438"/>
</kw>
<kw name="Wait Until Page Contains" library="RPA.Browser.Selenium">
<arg>Ver</arg>
<arg>timeout= 5</arg>
<doc>Waits until ``text`` appears on the current page.</doc>
<status status="NOT RUN" starttime="20220709 14:29:33.438" endtime="20220709 14:29:33.438"/>
</kw>
<kw name="Get Text" library="RPA.Browser.Selenium">
<var>${hist_andamento}</var>
<arg>//body</arg>
<doc>Returns the text value of the element identified by ``locator``.</doc>
<status status="NOT RUN" starttime="20220709 14:29:33.438" endtime="20220709 14:29:33.438"/>
</kw>
<kw name="Create File" library="RPA.FileSystem">
<arg>${Dir_tmp}/hist.txt</arg>
<arg>${hist_andamento}</arg>
<arg>overwrite=True</arg>
<doc>Creates a new text file, and writes content if any is given.</doc>
<status status="NOT RUN" starttime="20220709 14:29:33.438" endtime="20220709 14:29:33.438"/>
</kw>
<kw name="Dados Ultimo Documento Assinado Setor Remetente" library="TrataHist">
<var>${dados_last_doc_rem}</var>
<status status="NOT RUN" starttime="20220709 14:29:33.438" endtime="20220709 14:29:33.438"/>
</kw>
<kw name="Run Keyword And Return Status" library="BuiltIn">
<var>${isEmptydados_last_doc_rem}</var>
<arg>Should Be Empty</arg>
<arg>${dados_last_doc_rem}</arg>
<doc>Runs the given keyword with given arguments and returns the status as a Boolean value.</doc>
<status status="NOT RUN" starttime="20220709 14:29:33.439" endtime="20220709 14:29:33.439"/>
</kw>
<if>
<branch type="IF" condition="${isEmptydados_last_doc_rem} == True">
<kw name="Does Page Contain Element" library="RPA.Browser.Selenium">
<var>${existe_prox_pag_hist}</var>
<arg>//*[@id="lnkInfraProximaPaginaSuperior"]</arg>
<doc>Does page contain expected element</doc>
<status status="NOT RUN" starttime="20220709 14:29:33.439" endtime="20220709 14:29:33.439"/>
</kw>
<if>
<branch type="IF" condition="${existe_prox_pag_hist} == True">
<kw name="Click Element" library="RPA.Browser.Selenium">
<arg>//*[@id="lnkInfraProximaPaginaSuperior"]</arg>
<doc>Click the element identified by ``locator``.</doc>
<status status="NOT RUN" starttime="20220709 14:29:33.439" endtime="20220709 14:29:33.439"/>
</kw>
<kw name="Get Text" library="RPA.Browser.Selenium">
<var>${hist_andamento}</var>
<arg>//body</arg>
<doc>Returns the text value of the element identified by ``locator``.</doc>
<status status="NOT RUN" starttime="20220709 14:29:33.439" endtime="20220709 14:29:33.439"/>
</kw>
<kw name="Create File" library="RPA.FileSystem">
<arg>${Dir_tmp}/hist.txt</arg>
<arg>${hist_andamento}</arg>
<arg>overwrite=True</arg>
<doc>Creates a new text file, and writes content if any is given.</doc>
<status status="NOT RUN" starttime="20220709 14:29:33.439" endtime="20220709 14:29:33.439"/>
</kw>
<kw name="Dados Ultimo Documento Assinado Setor Remetente" library="TrataHist">
<var>${dados_last_doc_rem}</var>
<status status="NOT RUN" starttime="20220709 14:29:33.439" endtime="20220709 14:29:33.439"/>
</kw>
<status status="NOT RUN" starttime="20220709 14:29:33.439" endtime="20220709 14:29:33.439"/>
</branch>
<branch type="ELSE">
<kw name="Set Variable" library="BuiltIn">
<var>${dados_last_doc_rem}</var>
<arg>NULL</arg>
<doc>Returns the given values which can then be assigned to a variables.</doc>
<status status="NOT RUN" starttime="20220709 14:29:33.439" endtime="20220709 14:29:33.439"/>
</kw>
<kw name="Exit For Loop" library="BuiltIn">
<doc>Stops executing the enclosing FOR loop.</doc>
<status status="NOT RUN" starttime="20220709 14:29:33.439" endtime="20220709 14:29:33.439"/>
</kw>
<status status="NOT RUN" starttime="20220709 14:29:33.439" endtime="20220709 14:29:33.439"/>
</branch>
<status status="NOT RUN" starttime="20220709 14:29:33.439" endtime="20220709 14:29:33.439"/>
</if>
<status status="NOT RUN" starttime="20220709 14:29:33.439" endtime="20220709 14:29:33.439"/>
</branch>
<branch type="ELSE">
<kw name="Exit For Loop" library="BuiltIn">
<doc>Stops executing the enclosing FOR loop.</doc>
<status status="NOT RUN" starttime="20220709 14:29:33.439" endtime="20220709 14:29:33.439"/>
</kw>
<status status="NOT RUN" starttime="20220709 14:29:33.439" endtime="20220709 14:29:33.439"/>
</branch>
<status status="NOT RUN" starttime="20220709 14:29:33.439" endtime="20220709 14:29:33.440"/>
</if>
<status status="NOT RUN" starttime="20220709 14:29:33.438" endtime="20220709 14:29:33.440"/>
</iter>
<status status="NOT RUN" starttime="20220709 14:29:33.438" endtime="20220709 14:29:33.440"/>
</for>
<kw name="Set Variable" library="BuiltIn">
<var>${date_last_doc_last_rem}</var>
<arg>${dados_last_doc_rem}[0]</arg>
<doc>Returns the given values which can then be assigned to a variables.</doc>
<status status="NOT RUN" starttime="20220709 14:29:33.440" endtime="20220709 14:29:33.440"/>
</kw>
<kw name="Set Variable" library="BuiltIn">
<var>${last_doc_last_rem}</var>
<arg>${dados_last_doc_rem}[1]</arg>
<doc>Returns the given values which can then be assigned to a variables.</doc>
<status status="NOT RUN" starttime="20220709 14:29:33.440" endtime="20220709 14:29:33.440"/>
</kw>
<kw name="Set Variable" library="BuiltIn">
<var>${type_doc_last_rem}</var>
<arg>${dados_last_doc_rem}[2]</arg>
<doc>Returns the given values which can then be assigned to a variables.</doc>
<status status="NOT RUN" starttime="20220709 14:29:33.440" endtime="20220709 14:29:33.440"/>
</kw>
<kw name="Run Keyword And Return Status" library="BuiltIn">
<var>${isEmptydate_last_doc_last_rem}</var>
<arg>Should Be Empty</arg>
<arg>${date_last_doc_last_rem}</arg>
<doc>Runs the given keyword with given arguments and returns the status as a Boolean value.</doc>
<status status="NOT RUN" starttime="20220709 14:29:33.440" endtime="20220709 14:29:33.440"/>
</kw>
<kw name="Run Keyword And Return Status" library="BuiltIn">
<var>${isEmptylast_doc_last_rem}</var>
<arg>Should Be Empty</arg>
<arg>${last_doc_last_rem}</arg>
<doc>Runs the given keyword with given arguments and returns the status as a Boolean value.</doc>
<status status="NOT RUN" starttime="20220709 14:29:33.440" endtime="20220709 14:29:33.440"/>
</kw>
<kw name="Log" library="BuiltIn">
<arg>Lastdocrem empty: ${isEmptylast_doc_last_rem}</arg>
<doc>Logs the given message with the given level.</doc>
<status status="NOT RUN" starttime="20220709 14:29:33.440" endtime="20220709 14:29:33.440"/>
</kw>
<kw name="Run Keyword And Return Status" library="BuiltIn">
<var>${isEmptytype_doc_last_rem}</var>
<arg>Should Be Empty</arg>
<arg>${type_doc_last_rem}</arg>
<doc>Runs the given keyword with given arguments and returns the status as a Boolean value.</doc>
<status status="NOT RUN" starttime="20220709 14:29:33.440" endtime="20220709 14:29:33.440"/>
</kw>
<if>
<branch type="IF" condition="${isEmptydate_last_doc_last_rem} == True">
<kw name="Update value to JSON" library="RPA.JSON">
<var>${all_data}</var>
<arg>${all_data}</arg>
<arg>$.ProcessData[*].DataDoUltimoDocumentoAssinadoNoUltimoSetorRemetente</arg>
<arg>NULL</arg>
<doc>Update existing values in a JSON serializable object and return the result.
Will change all values that match the expression.</doc>
<status status="NOT RUN" starttime="20220709 14:29:33.440" endtime="20220709 14:29:33.440"/>
</kw>
<status status="NOT RUN" starttime="20220709 14:29:33.440" endtime="20220709 14:29:33.440"/>
</branch>
<branch type="ELSE">
<kw name="Update value to JSON" library="RPA.JSON">
<var>${all_data}</var>
<arg>${all_data}</arg>
<arg>$.ProcessData[*].DataDoUltimoDocumentoAssinadoNoUltimoSetorRemetente</arg>
<arg>${date_last_doc_last_rem}</arg>
<doc>Update existing values in a JSON serializable object and return the result.
Will change all values that match the expression.</doc>
<status status="NOT RUN" starttime="20220709 14:29:33.440" endtime="20220709 14:29:33.440"/>
</kw>
<status status="NOT RUN" starttime="20220709 14:29:33.440" endtime="20220709 14:29:33.440"/>
</branch>
<status status="NOT RUN" starttime="20220709 14:29:33.440" endtime="20220709 14:29:33.441"/>
</if>
<kw name="Save JSON to file" library="RPA.JSON">
<arg>${all_data}</arg>
<arg>${Dir_NaoVisualizados}/${file}</arg>
<doc>Save a JSON serializable object or a string containing
a JSON value into a file.</doc>
<status status="NOT RUN" starttime="20220709 14:29:33.441" endtime="20220709 14:29:33.441"/>
</kw>
<if>
<branch type="IF" condition="${isEmptylast_doc_last_rem} == True">
<kw name="Update value to JSON" library="RPA.JSON">
<var>${all_data}</var>
<arg>${all_data}</arg>
<arg>$.ProcessData[*].NumeroProtocoloUltimoDocumentoAssinadoNoUltimoSetorRemetente</arg>
<arg>NULL</arg>
<doc>Update existing values in a JSON serializable object and return the result.
Will change all values that match the expression.</doc>
<status status="NOT RUN" starttime="20220709 14:29:33.441" endtime="20220709 14:29:33.441"/>
</kw>
<status status="NOT RUN" starttime="20220709 14:29:33.441" endtime="20220709 14:29:33.441"/>
</branch>
<branch type="ELSE">
<kw name="Update value to JSON" library="RPA.JSON">
<var>${all_data}</var>
<arg>${all_data}</arg>
<arg>$.ProcessData[*].NumeroProtocoloUltimoDocumentoAssinadoNoUltimoSetorRemetente</arg>
<arg>${last_doc_last_rem}</arg>
<doc>Update existing values in a JSON serializable object and return the result.
Will change all values that match the expression.</doc>
<status status="NOT RUN" starttime="20220709 14:29:33.441" endtime="20220709 14:29:33.441"/>
</kw>
<status status="NOT RUN" starttime="20220709 14:29:33.441" endtime="20220709 14:29:33.441"/>
</branch>
<status status="NOT RUN" starttime="20220709 14:29:33.441" endtime="20220709 14:29:33.441"/>
</if>
<kw name="Save JSON to file" library="RPA.JSON">
<arg>${all_data}</arg>
<arg>${Dir_NaoVisualizados}/${file}</arg>
<doc>Save a JSON serializable object or a string containing
a JSON value into a file.</doc>
<status status="NOT RUN" starttime="20220709 14:29:33.441" endtime="20220709 14:29:33.441"/>
</kw>
<if>
<branch type="IF" condition="${isEmptytype_doc_last_rem} == True">
<kw name="Update value to JSON" library="RPA.JSON">
<var>${all_data}</var>
<arg>${all_data}</arg>
<arg>$.ProcessData[*].TipoUltimoDocumentoAssinadoNoUltimoSetorRemetente</arg>
<arg>NULL</arg>
<doc>Update existing values in a JSON serializable object and return the result.
Will change all values that match the expression.</doc>
<status status="NOT RUN" starttime="20220709 14:29:33.441" endtime="20220709 14:29:33.441"/>
</kw>
<status status="NOT RUN" starttime="20220709 14:29:33.441" endtime="20220709 14:29:33.441"/>
</branch>
<branch type="ELSE">
<kw name="Update value to JSON" library="RPA.JSON">
<var>${all_data}</var>
<arg>${all_data}</arg>
<arg>$.ProcessData[*].TipoUltimoDocumentoAssinadoNoUltimoSetorRemetente</arg>
<arg>${type_doc_last_rem}</arg>
<doc>Update existing values in a JSON serializable object and return the result.
Will change all values that match the expression.</doc>
<status status="NOT RUN" starttime="20220709 14:29:33.441" endtime="20220709 14:29:33.441"/>
</kw>
<status status="NOT RUN" starttime="20220709 14:29:33.441" endtime="20220709 14:29:33.441"/>
</branch>
<status status="NOT RUN" starttime="20220709 14:29:33.441" endtime="20220709 14:29:33.441"/>
</if>
<kw name="Save JSON to file" library="RPA.JSON">
<arg>${all_data}</arg>
<arg>${Dir_NaoVisualizados}/${file}</arg>
<doc>Save a JSON serializable object or a string containing
a JSON value into a file.</doc>
<status status="NOT RUN" starttime="20220709 14:29:33.441" endtime="20220709 14:29:33.441"/>
</kw>
<for flavor="IN RANGE">
<var>${index}</var>
<value>100</value>
<iter>
<var name="${index}"/>
<kw name="Unselect Frame" library="RPA.Browser.Selenium">
<doc>Sets the main frame as the current frame.</doc>
<status status="NOT RUN" starttime="20220709 14:29:33.442" endtime="20220709 14:29:33.442"/>
</kw>
<kw name="Select Frame" library="RPA.Browser.Selenium">
<arg>id=ifrVisualizacao</arg>
<doc>Sets frame identified by ``locator`` as the current frame.</doc>
<status status="NOT RUN" starttime="20220709 14:29:33.442" endtime="20220709 14:29:33.442"/>
</kw>
<kw name="Wait Until Page Contains" library="RPA.Browser.Selenium">
<arg>Ver</arg>
<arg>timeout= 5</arg>
<doc>Waits until ``text`` appears on the current page.</doc>
<status status="NOT RUN" starttime="20220709 14:29:33.442" endtime="20220709 14:29:33.442"/>
</kw>
<kw name="Get Text" library="RPA.Browser.Selenium">
<var>${hist_andamento}</var>
<arg>//body</arg>
<doc>Returns the text value of the element identified by ``locator``.</doc>
<status status="NOT RUN" starttime="20220709 14:29:33.442" endtime="20220709 14:29:33.442"/>
</kw>
<kw name="Create File" library="RPA.FileSystem">
<arg>${Dir_tmp}/hist.txt</arg>
<arg>${hist_andamento}</arg>
<arg>overwrite=True</arg>
<doc>Creates a new text file, and writes content if any is given.</doc>
<status status="NOT RUN" starttime="20220709 14:29:33.442" endtime="20220709 14:29:33.442"/>
</kw>
<kw name="Dados Ultimo Documento Assinado Setor Atual" library="TrataHist">
<var>${dados_last_doc_atual}</var>
<status status="NOT RUN" starttime="20220709 14:29:33.442" endtime="20220709 14:29:33.442"/>
</kw>
<kw name="Run Keyword And Return Status" library="BuiltIn">
<var>${isEmptydados_last_doc_atual}</var>
<arg>Should Be Empty</arg>
<arg>${dados_last_doc_atual}</arg>
<doc>Runs the given keyword with given arguments and returns the status as a Boolean value.</doc>
<status status="NOT RUN" starttime="20220709 14:29:33.442" endtime="20220709 14:29:33.442"/>
</kw>
<if>
<branch type="IF" condition="${isEmptydados_last_doc_atual} == True">
<kw name="Does Page Contain Element" library="RPA.Browser.Selenium">
<var>${existe_prox_pag_hist}</var>
<arg>//*[@id="lnkInfraProximaPaginaSuperior"]</arg>
<doc>Does page contain expected element</doc>
<status status="NOT RUN" starttime="20220709 14:29:33.442" endtime="20220709 14:29:33.442"/>
</kw>
<if>
<branch type="IF" condition="${existe_prox_pag_hist} == True">
<kw name="Click Element" library="RPA.Browser.Selenium">
<arg>//*[@id="lnkInfraProximaPaginaSuperior"]</arg>
<doc>Click the element identified by ``locator``.</doc>
<status status="NOT RUN" starttime="20220709 14:29:33.442" endtime="20220709 14:29:33.442"/>
</kw>
<kw name="Get Text" library="RPA.Browser.Selenium">
<var>${hist_andamento}</var>
<arg>//body</arg>
<doc>Returns the text value of the element identified by ``locator``.</doc>
<status status="NOT RUN" starttime="20220709 14:29:33.442" endtime="20220709 14:29:33.442"/>
</kw>
<kw name="Create File" library="RPA.FileSystem">
<arg>${Dir_tmp}/hist.txt</arg>
<arg>${hist_andamento}</arg>
<arg>overwrite=True</arg>
<doc>Creates a new text file, and writes content if any is given.</doc>
<status status="NOT RUN" starttime="20220709 14:29:33.443" endtime="20220709 14:29:33.443"/>
</kw>
<kw name="Dados Ultimo Documento Assinado Setor Atual" library="TrataHist">
<var>${dados_last_doc_atual}</var>
<status status="NOT RUN" starttime="20220709 14:29:33.443" endtime="20220709 14:29:33.443"/>
</kw>
<status status="NOT RUN" starttime="20220709 14:29:33.442" endtime="20220709 14:29:33.443"/>
</branch>
<branch type="ELSE">
<kw name="Set Variable" library="BuiltIn">
<var>${dados_last_doc_atual}</var>
<arg>NULL</arg>
<doc>Returns the given values which can then be assigned to a variables.</doc>
<status status="NOT RUN" starttime="20220709 14:29:33.443" endtime="20220709 14:29:33.443"/>
</kw>
<kw name="Exit For Loop" library="BuiltIn">
<doc>Stops executing the enclosing FOR loop.</doc>
<status status="NOT RUN" starttime="20220709 14:29:33.443" endtime="20220709 14:29:33.443"/>
</kw>
<status status="NOT RUN" starttime="20220709 14:29:33.443" endtime="20220709 14:29:33.443"/>
</branch>
<status status="NOT RUN" starttime="20220709 14:29:33.442" endtime="20220709 14:29:33.443"/>
</if>
<status status="NOT RUN" starttime="20220709 14:29:33.442" endtime="20220709 14:29:33.443"/>
</branch>
<branch type="ELSE">
<kw name="Exit For Loop" library="BuiltIn">
<doc>Stops executing the enclosing FOR loop.</doc>
<status status="NOT RUN" starttime="20220709 14:29:33.443" endtime="20220709 14:29:33.443"/>
</kw>
<status status="NOT RUN" starttime="20220709 14:29:33.443" endtime="20220709 14:29:33.443"/>
</branch>
<status status="NOT RUN" starttime="20220709 14:29:33.442" endtime="20220709 14:29:33.443"/>
</if>
<status status="NOT RUN" starttime="20220709 14:29:33.441" endtime="20220709 14:29:33.443"/>
</iter>
<status status="NOT RUN" starttime="20220709 14:29:33.441" endtime="20220709 14:29:33.443"/>
</for>
<kw name="Set Variable" library="BuiltIn">
<var>${date_last_doc_atual}</var>
<arg>${dados_last_doc_atual}[0]</arg>
<doc>Returns the given values which can then be assigned to a variables.</doc>
<status status="NOT RUN" starttime="20220709 14:29:33.443" endtime="20220709 14:29:33.443"/>
</kw>
<kw name="Set Variable" library="BuiltIn">
<var>${last_doc_atual}</var>
<arg>${dados_last_doc_atual}[1]</arg>
<doc>Returns the given values which can then be assigned to a variables.</doc>
<status status="NOT RUN" starttime="20220709 14:29:33.443" endtime="20220709 14:29:33.443"/>
</kw>
<kw name="Set Variable" library="BuiltIn">
<var>${type_doc_atual}</var>
<arg>${dados_last_doc_atual}[2]</arg>
<doc>Returns the given values which can then be assigned to a variables.</doc>
<status status="NOT RUN" starttime="20220709 14:29:33.443" endtime="20220709 14:29:33.443"/>
</kw>
<kw name="Run Keyword And Return Status" library="BuiltIn">
<var>${isEmptydate_last_doc_atual}</var>
<arg>Should Be Empty</arg>
<arg>${date_last_doc_atual}</arg>
<doc>Runs the given keyword with given arguments and returns the status as a Boolean value.</doc>
<status status="NOT RUN" starttime="20220709 14:29:33.443" endtime="20220709 14:29:33.443"/>
</kw>
<kw name="Run Keyword And Return Status" library="BuiltIn">
<var>${isEmptylast_doc_atual}</var>
<arg>Should Be Empty</arg>
<arg>${last_doc_atual}</arg>
<doc>Runs the given keyword with given arguments and returns the status as a Boolean value.</doc>
<status status="NOT RUN" starttime="20220709 14:29:33.444" endtime="20220709 14:29:33.444"/>
</kw>
<kw name="Run Keyword And Return Status" library="BuiltIn">
<var>${isEmptytype_doc_atual}</var>
<arg>Should Be Empty</arg>
<arg>${type_doc_atual}</arg>
<doc>Runs the given keyword with given arguments and returns the status as a Boolean value.</doc>
<status status="NOT RUN" starttime="20220709 14:29:33.444" endtime="20220709 14:29:33.444"/>
</kw>
<if>
<branch type="IF" condition="${isEmptydate_last_doc_atual} == True">
<kw name="Update value to JSON" library="RPA.JSON">
<var>${all_data}</var>
<arg>${all_data}</arg>
<arg>$.ProcessData[*].DataAssinaturaDoUltimoDocumentoAssinadoNoSetorReceptor</arg>
<arg>NULL</arg>
<doc>Update existing values in a JSON serializable object and return the result.
Will change all values that match the expression.</doc>
<status status="NOT RUN" starttime="20220709 14:29:33.444" endtime="20220709 14:29:33.444"/>
</kw>
<status status="NOT RUN" starttime="20220709 14:29:33.444" endtime="20220709 14:29:33.444"/>
</branch>
<branch type="ELSE">
<kw name="Update value to JSON" library="RPA.JSON">
<var>${all_data}</var>
<arg>${all_data}</arg>
<arg>$.ProcessData[*].DataAssinaturaDoUltimoDocumentoAssinadoNoSetorReceptor</arg>
<arg>${date_last_doc_atual}</arg>
<doc>Update existing values in a JSON serializable object and return the result.
Will change all values that match the expression.</doc>
<status status="NOT RUN" starttime="20220709 14:29:33.444" endtime="20220709 14:29:33.444"/>
</kw>
<status status="NOT RUN" starttime="20220709 14:29:33.444" endtime="20220709 14:29:33.444"/>
</branch>
<status status="NOT RUN" starttime="20220709 14:29:33.444" endtime="20220709 14:29:33.444"/>
</if>
<if>
<branch type="IF" condition="${isEmptylast_doc_atual} == True">
<kw name="Update value to JSON" library="RPA.JSON">
<var>${all_data}</var>
<arg>${all_data}</arg>
<arg>$.ProcessData[*].NumeroProtocoloUltimoDocumentoAssinadoNoSetorReceptor</arg>
<arg>NULL</arg>
<doc>Update existing values in a JSON serializable object and return the result.
Will change all values that match the expression.</doc>
<status status="NOT RUN" starttime="20220709 14:29:33.444" endtime="20220709 14:29:33.444"/>
</kw>
<status status="NOT RUN" starttime="20220709 14:29:33.444" endtime="20220709 14:29:33.444"/>
</branch>
<branch type="ELSE">
<kw name="Update value to JSON" library="RPA.JSON">
<var>${all_data}</var>
<arg>${all_data}</arg>
<arg>$.ProcessData[*].NumeroProtocoloUltimoDocumentoAssinadoNoSetorReceptor</arg>
<arg>${last_doc_atual}</arg>
<doc>Update existing values in a JSON serializable object and return the result.
Will change all values that match the expression.</doc>
<status status="NOT RUN" starttime="20220709 14:29:33.444" endtime="20220709 14:29:33.444"/>
</kw>
<status status="NOT RUN" starttime="20220709 14:29:33.444" endtime="20220709 14:29:33.444"/>
</branch>
<status status="NOT RUN" starttime="20220709 14:29:33.444" endtime="20220709 14:29:33.444"/>
</if>
<if>
<branch type="IF" condition="${isEmptytype_doc_atual} == True">
<kw name="Update value to JSON" library="RPA.JSON">
<var>${all_data}</var>
<arg>${all_data}</arg>
<arg>$.ProcessData[*].TipoUltimoDocumentoAssinadoNoSetorReceptor</arg>
<arg>NULL</arg>
<doc>Update existing values in a JSON serializable object and return the result.
Will change all values that match the expression.</doc>
<status status="NOT RUN" starttime="20220709 14:29:33.444" endtime="20220709 14:29:33.444"/>
</kw>
<status status="NOT RUN" starttime="20220709 14:29:33.444" endtime="20220709 14:29:33.444"/>
</branch>
<branch type="ELSE">
<kw name="Update value to JSON" library="RPA.JSON">
<var>${all_data}</var>
<arg>${all_data}</arg>
<arg>$.ProcessData[*].TipoUltimoDocumentoAssinadoNoSetorReceptor</arg>
<arg>${type_doc_atual}</arg>
<doc>Update existing values in a JSON serializable object and return the result.
Will change all values that match the expression.</doc>
<status status="NOT RUN" starttime="20220709 14:29:33.444" endtime="20220709 14:29:33.445"/>
</kw>
<status status="NOT RUN" starttime="20220709 14:29:33.444" endtime="20220709 14:29:33.445"/>
</branch>
<status status="NOT RUN" starttime="20220709 14:29:33.444" endtime="20220709 14:29:33.445"/>
</if>
<kw name="Save JSON to file" library="RPA.JSON">
<arg>${all_data}</arg>
<arg>${Dir_NaoVisualizados}/${file}</arg>
<doc>Save a JSON serializable object or a string containing
a JSON value into a file.</doc>
<status status="NOT RUN" starttime="20220709 14:29:33.445" endtime="20220709 14:29:33.445"/>
</kw>
<if>
<branch type="IF" condition="${isEmptylast_doc_last_rem} == True">
<kw name="Set Variable" library="BuiltIn">
<var>${text_last_doc_last_rem}</var>
<arg>NULL</arg>
<doc>Returns the given values which can then be assigned to a variables.</doc>
<status status="NOT RUN" starttime="20220709 14:29:33.445" endtime="20220709 14:29:33.445"/>
</kw>
<kw name="Set Variable" library="BuiltIn">
<var>${info_sign_last_doc_last_rem}</var>
<arg>NULL</arg>
<doc>Returns the given values which can then be assigned to a variables.</doc>
<status status="NOT RUN" starttime="20220709 14:29:33.445" endtime="20220709 14:29:33.445"/>
</kw>
<kw name="Log" library="BuiltIn">
<arg>Não foi encontrado documento assinado de origem da unidade que enviou o processo.</arg>
<arg>console=True</arg>
<doc>Logs the given message with the given level.</doc>
<status status="NOT RUN" starttime="20220709 14:29:33.445" endtime="20220709 14:29:33.445"/>
</kw>
<status status="NOT RUN" starttime="20220709 14:29:33.445" endtime="20220709 14:29:33.445"/>
</branch>
<branch type="ELSE">
<kw name="Unselect Frame" library="RPA.Browser.Selenium">
<doc>Sets the main frame as the current frame.</doc>
<status status="NOT RUN" starttime="20220709 14:29:33.445" endtime="20220709 14:29:33.446"/>
</kw>
<kw name="Input Text" library="RPA.Browser.Selenium">
<arg>//*[@id="txtPesquisaRapida"]</arg>
<arg>${last_doc_last_rem}</arg>
<doc>Types the given ``text`` into the text field identified by ``locator``.</doc>
<status status="NOT RUN" starttime="20220709 14:29:33.446" endtime="20220709 14:29:33.446"/>
</kw>
<kw name="Press Keys" library="RPA.Browser.Selenium">
<arg>//*[@id="txtPesquisaRapida"]</arg>
<arg>ENTER</arg>
<doc>Simulates the user pressing key(s) to an element or on the active browser.</doc>
<status status="NOT RUN" starttime="20220709 14:29:33.446" endtime="20220709 14:29:33.446"/>
</kw>
<kw name="Sleep" library="BuiltIn">
<arg>500ms</arg>
<doc>Pauses the test executed for the given time.</doc>
<status status="NOT RUN" starttime="20220709 14:29:33.446" endtime="20220709 14:29:33.446"/>
</kw>
<kw name="Unselect Frame" library="RPA.Browser.Selenium">
<doc>Sets the main frame as the current frame.</doc>
<status status="NOT RUN" starttime="20220709 14:29:33.447" endtime="20220709 14:29:33.447"/>
</kw>
<kw name="Select Frame" library="RPA.Browser.Selenium">
<arg>id=ifrVisualizacao</arg>
<doc>Sets frame identified by ``locator`` as the current frame.</doc>
<status status="NOT RUN" starttime="20220709 14:29:33.447" endtime="20220709 14:29:33.447"/>
</kw>
<kw name="Select Frame" library="RPA.Browser.Selenium">
<arg>id=ifrArvoreHtml</arg>
<doc>Sets frame identified by ``locator`` as the current frame.</doc>
<status status="NOT RUN" starttime="20220709 14:29:33.447" endtime="20220709 14:29:33.447"/>
</kw>
<kw name="Get Location" library="RPA.Browser.Selenium">
<var>${url_last_doc_last_rem}</var>
<doc>Returns the current browser window URL.</doc>
<status status="NOT RUN" starttime="20220709 14:29:33.447" endtime="20220709 14:29:33.447"/>
</kw>
<kw name="Split String" library="String">
<var>@{var1}</var>
<arg>${url_last_doc_last_rem}</arg>
<arg>id_protocolo=</arg>
<doc>Splits the ``string`` using ``separator`` as a delimiter string.</doc>
<status status="NOT RUN" starttime="20220709 14:29:33.447" endtime="20220709 14:29:33.447"/>
</kw>
<kw name="Set Variable" library="BuiltIn">
<var>${var2}</var>
<arg>${var1}[1]</arg>
<doc>Returns the given values which can then be assigned to a variables.</doc>
<status status="NOT RUN" starttime="20220709 14:29:33.447" endtime="20220709 14:29:33.447"/>
</kw>
<kw name="Split String" library="String">
<var>@{var3}</var>
<arg>${var2}</arg>
<arg>&amp;infra_sistema</arg>
<doc>Splits the ``string`` using ``separator`` as a delimiter string.</doc>
<status status="NOT RUN" starttime="20220709 14:29:33.447" endtime="20220709 14:29:33.447"/>
</kw>
<kw name="Set Variable" library="BuiltIn">
<var>${id_last_doc_last_rem}</var>
<arg>${var3}[0]</arg>
<doc>Returns the given values which can then be assigned to a variables.</doc>
<status status="NOT RUN" starttime="20220709 14:29:33.447" endtime="20220709 14:29:33.447"/>
</kw>
<kw name="Update value to JSON" library="RPA.JSON">
<var>${all_data}</var>
<arg>${all_data}</arg>
<arg>$.ProcessData[*].IDUltimoDocumentoAssinadoNoUltimoSetorRemetente</arg>
<arg>${id_last_doc_last_rem}</arg>
<doc>Update existing values in a JSON serializable object and return the result.
Will change all values that match the expression.</doc>
<status status="NOT RUN" starttime="20220709 14:29:33.447" endtime="20220709 14:29:33.447"/>
</kw>
<kw name="Save JSON to file" library="RPA.JSON">
<arg>${all_data}</arg>
<arg>${Dir_NaoVisualizados}/${file}</arg>
<doc>Save a JSON serializable object or a string containing
a JSON value into a file.</doc>
<status status="NOT RUN" starttime="20220709 14:29:33.447" endtime="20220709 14:29:33.447"/>
</kw>
<kw name="Get Text" library="RPA.Browser.Selenium">
<var>${text_last_doc_last_rem}</var>
<arg>//body</arg>
<doc>Returns the text value of the element identified by ``locator``.</doc>
<status status="NOT RUN" starttime="20220709 14:29:33.447" endtime="20220709 14:29:33.447"/>
</kw>
<kw name="Run Keyword And Return Status" library="BuiltIn">
<var>${contain_doc_assinado}</var>
<arg>Should Contain</arg>
<arg>${text_last_doc_last_rem}</arg>
<arg>Documento assinado eletronicamente por</arg>
<doc>Runs the given keyword with given arguments and returns the status as a Boolean value.</doc>
<status status="NOT RUN" starttime="20220709 14:29:33.447" endtime="20220709 14:29:33.448"/>
</kw>
<if>
<branch type="IF" condition="${contain_doc_assinado} == True">
<kw name="Split String" library="String">
<var>@{var1}</var>
<arg>${text_last_doc_last_rem}</arg>
<arg>Documento assinado eletronicamente por</arg>
<doc>Splits the ``string`` using ``separator`` as a delimiter string.</doc>
<status status="NOT RUN" starttime="20220709 14:29:33.448" endtime="20220709 14:29:33.448"/>
</kw>
<kw name="Set Variable" library="BuiltIn">
<var>${text_last_doc_last_rem}</var>
<arg>${var1}[0]</arg>
<doc>Returns the given values which can then be assigned to a variables.</doc>
<status status="NOT RUN" starttime="20220709 14:29:33.448" endtime="20220709 14:29:33.448"/>
</kw>
<kw name="Set Variable" library="BuiltIn">
<var>${var2}</var>
<arg>${var1}[1]</arg>
<doc>Returns the given values which can then be assigned to a variables.</doc>
<status status="NOT RUN" starttime="20220709 14:29:33.448" endtime="20220709 14:29:33.448"/>
</kw>
<kw name="Split String" library="String">
<var>@{var3}</var>
<arg>${var2}</arg>
<arg>A autenticidade do documento pode ser conferida no site:</arg>
<doc>Splits the ``string`` using ``separator`` as a delimiter string.</doc>
<status status="NOT RUN" starttime="20220709 14:29:33.448" endtime="20220709 14:29:33.448"/>
</kw>
<kw name="Set Variable" library="BuiltIn">
<var>${info_sign_last_doc_last_rem}</var>
<arg>Documento assinado eletronicamente por${var3}[0]</arg>
<doc>Returns the given values which can then be assigned to a variables.</doc>
<status status="NOT RUN" starttime="20220709 14:29:33.448" endtime="20220709 14:29:33.448"/>
</kw>
<status status="NOT RUN" starttime="20220709 14:29:33.448" endtime="20220709 14:29:33.448"/>
</branch>
<branch type="ELSE">
<kw name="Set Variable" library="BuiltIn">
<var>${info_sign_last_doc_last_rem}</var>
<arg>NULL</arg>
<doc>Returns the given values which can then be assigned to a variables.</doc>
<status status="NOT RUN" starttime="20220709 14:29:33.448" endtime="20220709 14:29:33.448"/>
</kw>
<status status="NOT RUN" starttime="20220709 14:29:33.448" endtime="20220709 14:29:33.448"/>
</branch>
<status status="NOT RUN" starttime="20220709 14:29:33.448" endtime="20220709 14:29:33.448"/>
</if>
<kw name="Update value to JSON" library="RPA.JSON">
<var>${all_data}</var>
<arg>${all_data}</arg>
<arg>$.ProcessData[*].TextoUltimoDocumentoAssinadoNoUltimoSetorRemetente</arg>
<arg>${text_last_doc_last_rem}</arg>
<doc>Update existing values in a JSON serializable object and return the result.
Will change all values that match the expression.</doc>
<status status="NOT RUN" starttime="20220709 14:29:33.448" endtime="20220709 14:29:33.448"/>
</kw>
<kw name="Update value to JSON" library="RPA.JSON">
<var>${all_data}</var>
<arg>${all_data}</arg>
<arg>$.ProcessData[*].InformacaoSobreAssinaturaDoUltimoDocumentoAssinadoNoUltimoSetorRemetente</arg>
<arg>${info_sign_last_doc_last_rem}</arg>
<doc>Update existing values in a JSON serializable object and return the result.
Will change all values that match the expression.</doc>
<status status="NOT RUN" starttime="20220709 14:29:33.448" endtime="20220709 14:29:33.448"/>
</kw>
<kw name="Save JSON to file" library="RPA.JSON">
<arg>${all_data}</arg>
<arg>${Dir_NaoVisualizados}/${file}</arg>
<doc>Save a JSON serializable object or a string containing
a JSON value into a file.</doc>
<status status="NOT RUN" starttime="20220709 14:29:33.448" endtime="20220709 14:29:33.448"/>
</kw>
<status status="NOT RUN" starttime="20220709 14:29:33.445" endtime="20220709 14:29:33.448"/>
</branch>
<status status="NOT RUN" starttime="20220709 14:29:33.445" endtime="20220709 14:29:33.449"/>
</if>
<if>
<branch type="IF" condition="${isEmptylast_doc_atual} == True">
<kw name="Log" library="BuiltIn">
<arg>Não foi encontrado documento assinado de origem da unidade atual.</arg>
<arg>console=True</arg>
<doc>Logs the given message with the given level.</doc>
<status status="NOT RUN" starttime="20220709 14:29:33.449" endtime="20220709 14:29:33.449"/>
</kw>
<status status="NOT RUN" starttime="20220709 14:29:33.449" endtime="20220709 14:29:33.449"/>
</branch>
<branch type="ELSE">
<kw name="Unselect Frame" library="RPA.Browser.Selenium">
<doc>Sets the main frame as the current frame.</doc>
<status status="NOT RUN" starttime="20220709 14:29:33.449" endtime="20220709 14:29:33.449"/>
</kw>
<kw name="Input Text" library="RPA.Browser.Selenium">
<arg>//*[@id="txtPesquisaRapida"]</arg>
<arg>${last_doc_atual}</arg>
<doc>Types the given ``text`` into the text field identified by ``locator``.</doc>
<status status="NOT RUN" starttime="20220709 14:29:33.449" endtime="20220709 14:29:33.449"/>
</kw>
<kw name="Press Keys" library="RPA.Browser.Selenium">
<arg>//*[@id="txtPesquisaRapida"]</arg>
<arg>ENTER</arg>
<doc>Simulates the user pressing key(s) to an element or on the active browser.</doc>
<status status="NOT RUN" starttime="20220709 14:29:33.449" endtime="20220709 14:29:33.449"/>
</kw>
<kw name="Sleep" library="BuiltIn">
<arg>500ms</arg>
<doc>Pauses the test executed for the given time.</doc>
<status status="NOT RUN" starttime="20220709 14:29:33.449" endtime="20220709 14:29:33.449"/>
</kw>
<kw name="Unselect Frame" library="RPA.Browser.Selenium">
<doc>Sets the main frame as the current frame.</doc>
<status status="NOT RUN" starttime="20220709 14:29:33.449" endtime="20220709 14:29:33.449"/>
</kw>
<kw name="Select Frame" library="RPA.Browser.Selenium">
<arg>id=ifrVisualizacao</arg>
<doc>Sets frame identified by ``locator`` as the current frame.</doc>
<status status="NOT RUN" starttime="20220709 14:29:33.449" endtime="20220709 14:29:33.449"/>
</kw>
<kw name="Select Frame" library="RPA.Browser.Selenium">
<arg>id=ifrArvoreHtml</arg>
<doc>Sets frame identified by ``locator`` as the current frame.</doc>
<status status="NOT RUN" starttime="20220709 14:29:33.449" endtime="20220709 14:29:33.449"/>
</kw>
<kw name="Get Location" library="RPA.Browser.Selenium">
<var>${url_last_doc_atual}</var>
<doc>Returns the current browser window URL.</doc>
<status status="NOT RUN" starttime="20220709 14:29:33.449" endtime="20220709 14:29:33.449"/>
</kw>
<kw name="Split String" library="String">
<var>@{var1}</var>
<arg>${url_last_doc_atual}</arg>
<arg>id_protocolo=</arg>
<doc>Splits the ``string`` using ``separator`` as a delimiter string.</doc>
<status status="NOT RUN" starttime="20220709 14:29:33.449" endtime="20220709 14:29:33.449"/>
</kw>
<kw name="Set Variable" library="BuiltIn">
<var>${var2}</var>
<arg>${var1}[1]</arg>
<doc>Returns the given values which can then be assigned to a variables.</doc>
<status status="NOT RUN" starttime="20220709 14:29:33.450" endtime="20220709 14:29:33.450"/>
</kw>
<kw name="Split String" library="String">
<var>@{var3}</var>
<arg>${var2}</arg>
<arg>&amp;infra_sistema</arg>
<doc>Splits the ``string`` using ``separator`` as a delimiter string.</doc>
<status status="NOT RUN" starttime="20220709 14:29:33.450" endtime="20220709 14:29:33.450"/>
</kw>
<kw name="Set Variable" library="BuiltIn">
<var>${id_last_doc_atual}</var>
<arg>${var3}[0]</arg>
<doc>Returns the given values which can then be assigned to a variables.</doc>
<status status="NOT RUN" starttime="20220709 14:29:33.450" endtime="20220709 14:29:33.450"/>
</kw>
<kw name="Update value to JSON" library="RPA.JSON">
<var>${all_data}</var>
<arg>${all_data}</arg>
<arg>$.ProcessData[*].IDUltimoDocumentoAssinadoNoUltimoSetorReceptor</arg>
<arg>${id_last_doc_atual}</arg>
<doc>Update existing values in a JSON serializable object and return the result.
Will change all values that match the expression.</doc>
<status status="NOT RUN" starttime="20220709 14:29:33.450" endtime="20220709 14:29:33.450"/>
</kw>
<kw name="Save JSON to file" library="RPA.JSON">
<arg>${all_data}</arg>
<arg>${Dir_NaoVisualizados}/${file}</arg>
<doc>Save a JSON serializable object or a string containing
a JSON value into a file.</doc>
<status status="NOT RUN" starttime="20220709 14:29:33.450" endtime="20220709 14:29:33.450"/>
</kw>
<kw name="Get Text" library="RPA.Browser.Selenium">
<var>${text_last_doc_atual}</var>
<arg>//body</arg>
<doc>Returns the text value of the element identified by ``locator``.</doc>
<status status="NOT RUN" starttime="20220709 14:29:33.450" endtime="20220709 14:29:33.450"/>
</kw>
<kw name="Run Keyword And Return Status" library="BuiltIn">
<var>${contain_doc_assinado}</var>
<arg>Should Contain</arg>
<arg>${text_last_doc_atual}</arg>
<arg>Documento assinado eletronicamente por</arg>
<doc>Runs the given keyword with given arguments and returns the status as a Boolean value.</doc>
<status status="NOT RUN" starttime="20220709 14:29:33.450" endtime="20220709 14:29:33.450"/>
</kw>
<if>
[...]
<status status="NOT RUN" starttime="20220709 14:30:36.185" endtime="20220709 14:30:36.185"/>
</kw>
<kw name="Dados Ultimo Documento Assinado Setor Atual" library="TrataHist">
<var>${dados_last_doc_atual}</var>
<status status="NOT RUN" starttime="20220709 14:30:36.185" endtime="20220709 14:30:36.185"/>
</kw>
<status status="NOT RUN" starttime="20220709 14:30:36.185" endtime="20220709 14:30:36.185"/>
</branch>
<branch type="ELSE">
<kw name="Set Variable" library="BuiltIn">
<var>${dados_last_doc_atual}</var>
<arg>NULL</arg>
<doc>Returns the given values which can then be assigned to a variables.</doc>
<status status="NOT RUN" starttime="20220709 14:30:36.186" endtime="20220709 14:30:36.186"/>
</kw>
<kw name="Exit For Loop" library="BuiltIn">
<doc>Stops executing the enclosing FOR loop.</doc>
<status status="NOT RUN" starttime="20220709 14:30:36.186" endtime="20220709 14:30:36.186"/>
</kw>
<status status="NOT RUN" starttime="20220709 14:30:36.185" endtime="20220709 14:30:36.186"/>
</branch>
<status status="NOT RUN" starttime="20220709 14:30:36.185" endtime="20220709 14:30:36.186"/>
</if>
<status status="NOT RUN" starttime="20220709 14:30:36.185" endtime="20220709 14:30:36.186"/>
</branch>
<branch type="ELSE">
<kw name="Exit For Loop" library="BuiltIn">
<doc>Stops executing the enclosing FOR loop.</doc>
<status status="NOT RUN" starttime="20220709 14:30:36.186" endtime="20220709 14:30:36.186"/>
</kw>
<status status="NOT RUN" starttime="20220709 14:30:36.186" endtime="20220709 14:30:36.186"/>
</branch>
<status status="NOT RUN" starttime="20220709 14:30:36.185" endtime="20220709 14:30:36.186"/>
</if>
<status status="NOT RUN" starttime="20220709 14:30:36.184" endtime="20220709 14:30:36.186"/>
</iter>
<status status="NOT RUN" starttime="20220709 14:30:36.184" endtime="20220709 14:30:36.186"/>
</for>
<kw name="Set Variable" library="BuiltIn">
<var>${date_last_doc_atual}</var>
<arg>${dados_last_doc_atual}[0]</arg>
<doc>Returns the given values which can then be assigned to a variables.</doc>
<status status="NOT RUN" starttime="20220709 14:30:36.186" endtime="20220709 14:30:36.186"/>
</kw>
<kw name="Set Variable" library="BuiltIn">
<var>${last_doc_atual}</var>
<arg>${dados_last_doc_atual}[1]</arg>
<doc>Returns the given values which can then be assigned to a variables.</doc>
<status status="NOT RUN" starttime="20220709 14:30:36.186" endtime="20220709 14:30:36.186"/>
</kw>
<kw name="Set Variable" library="BuiltIn">
<var>${type_doc_atual}</var>
<arg>${dados_last_doc_atual}[2]</arg>
<doc>Returns the given values which can then be assigned to a variables.</doc>
<status status="NOT RUN" starttime="20220709 14:30:36.186" endtime="20220709 14:30:36.186"/>
</kw>
<kw name="Run Keyword And Return Status" library="BuiltIn">
<var>${isEmptydate_last_doc_atual}</var>
<arg>Should Be Empty</arg>
<arg>${date_last_doc_atual}</arg>
<doc>Runs the given keyword with given arguments and returns the status as a Boolean value.</doc>
<status status="NOT RUN" starttime="20220709 14:30:36.186" endtime="20220709 14:30:36.186"/>
</kw>
<kw name="Run Keyword And Return Status" library="BuiltIn">
<var>${isEmptylast_doc_atual}</var>
<arg>Should Be Empty</arg>
<arg>${last_doc_atual}</arg>
<doc>Runs the given keyword with given arguments and returns the status as a Boolean value.</doc>
<status status="NOT RUN" starttime="20220709 14:30:36.186" endtime="20220709 14:30:36.186"/>
</kw>
<kw name="Run Keyword And Return Status" library="BuiltIn">
<var>${isEmptytype_doc_atual}</var>
<arg>Should Be Empty</arg>
<arg>${type_doc_atual}</arg>
<doc>Runs the given keyword with given arguments and returns the status as a Boolean value.</doc>
<status status="NOT RUN" starttime="20220709 14:30:36.186" endtime="20220709 14:30:36.186"/>
</kw>
<if>
<branch type="IF" condition="${isEmptydate_last_doc_atual} == True">
<kw name="Update value to JSON" library="RPA.JSON">
<var>${all_data}</var>
<arg>${all_data}</arg>
<arg>$.ProcessData[*].DataAssinaturaDoUltimoDocumentoAssinadoNoSetorReceptor</arg>
<arg>NULL</arg>
<doc>Update existing values in a JSON serializable object and return the result.
Will change all values that match the expression.</doc>
<status status="NOT RUN" starttime="20220709 14:30:36.187" endtime="20220709 14:30:36.187"/>
</kw>
<status status="NOT RUN" starttime="20220709 14:30:36.186" endtime="20220709 14:30:36.187"/>
</branch>
<branch type="ELSE">
<kw name="Update value to JSON" library="RPA.JSON">
<var>${all_data}</var>
<arg>${all_data}</arg>
<arg>$.ProcessData[*].DataAssinaturaDoUltimoDocumentoAssinadoNoSetorReceptor</arg>
<arg>${date_last_doc_atual}</arg>
<doc>Update existing values in a JSON serializable object and return the result.
Will change all values that match the expression.</doc>
<status status="NOT RUN" starttime="20220709 14:30:36.187" endtime="20220709 14:30:36.187"/>
</kw>
<status status="NOT RUN" starttime="20220709 14:30:36.187" endtime="20220709 14:30:36.187"/>
</branch>
<status status="NOT RUN" starttime="20220709 14:30:36.186" endtime="20220709 14:30:36.187"/>
</if>
<if>
<branch type="IF" condition="${isEmptylast_doc_atual} == True">
<kw name="Update value to JSON" library="RPA.JSON">
<var>${all_data}</var>
<arg>${all_data}</arg>
<arg>$.ProcessData[*].NumeroProtocoloUltimoDocumentoAssinadoNoSetorReceptor</arg>
<arg>NULL</arg>
<doc>Update existing values in a JSON serializable object and return the result.
Will change all values that match the expression.</doc>
<status status="NOT RUN" starttime="20220709 14:30:36.187" endtime="20220709 14:30:36.187"/>
</kw>
<status status="NOT RUN" starttime="20220709 14:30:36.187" endtime="20220709 14:30:36.187"/>
</branch>
<branch type="ELSE">
<kw name="Update value to JSON" library="RPA.JSON">
<var>${all_data}</var>
<arg>${all_data}</arg>
<arg>$.ProcessData[*].NumeroProtocoloUltimoDocumentoAssinadoNoSetorReceptor</arg>
<arg>${last_doc_atual}</arg>
<doc>Update existing values in a JSON serializable object and return the result.
Will change all values that match the expression.</doc>
<status status="NOT RUN" starttime="20220709 14:30:36.187" endtime="20220709 14:30:36.187"/>
</kw>
<status status="NOT RUN" starttime="20220709 14:30:36.187" endtime="20220709 14:30:36.187"/>
</branch>
<status status="NOT RUN" starttime="20220709 14:30:36.187" endtime="20220709 14:30:36.187"/>
</if>
<if>
<branch type="IF" condition="${isEmptytype_doc_atual} == True">
<kw name="Update value to JSON" library="RPA.JSON">
<var>${all_data}</var>
<arg>${all_data}</arg>
<arg>$.ProcessData[*].TipoUltimoDocumentoAssinadoNoSetorReceptor</arg>
<arg>NULL</arg>
<doc>Update existing values in a JSON serializable object and return the result.
Will change all values that match the expression.</doc>
<status status="NOT RUN" starttime="20220709 14:30:36.187" endtime="20220709 14:30:36.187"/>
</kw>
<status status="NOT RUN" starttime="20220709 14:30:36.187" endtime="20220709 14:30:36.187"/>
</branch>
<branch type="ELSE">
<kw name="Update value to JSON" library="RPA.JSON">
<var>${all_data}</var>
<arg>${all_data}</arg>
<arg>$.ProcessData[*].TipoUltimoDocumentoAssinadoNoSetorReceptor</arg>
<arg>${type_doc_atual}</arg>
<doc>Update existing values in a JSON serializable object and return the result.
Will change all values that match the expression.</doc>
<status status="NOT RUN" starttime="20220709 14:30:36.187" endtime="20220709 14:30:36.187"/>
</kw>
<status status="NOT RUN" starttime="20220709 14:30:36.187" endtime="20220709 14:30:36.187"/>
</branch>
<status status="NOT RUN" starttime="20220709 14:30:36.187" endtime="20220709 14:30:36.187"/>
</if>
<kw name="Save JSON to file" library="RPA.JSON">
<arg>${all_data}</arg>
<arg>${Dir_NaoVisualizados}/${file}</arg>
<doc>Save a JSON serializable object or a string containing
a JSON value into a file.</doc>
<status status="NOT RUN" starttime="20220709 14:30:36.187" endtime="20220709 14:30:36.187"/>
</kw>
<if>
<branch type="IF" condition="${isEmptylast_doc_last_rem} == True">
<kw name="Set Variable" library="BuiltIn">
<var>${text_last_doc_last_rem}</var>
<arg>NULL</arg>
<doc>Returns the given values which can then be assigned to a variables.</doc>
<status status="NOT RUN" starttime="20220709 14:30:36.188" endtime="20220709 14:30:36.188"/>
</kw>
<kw name="Set Variable" library="BuiltIn">
<var>${info_sign_last_doc_last_rem}</var>
<arg>NULL</arg>
<doc>Returns the given values which can then be assigned to a variables.</doc>
<status status="NOT RUN" starttime="20220709 14:30:36.188" endtime="20220709 14:30:36.188"/>
</kw>
<kw name="Log" library="BuiltIn">
<arg>Não foi encontrado documento assinado de origem da unidade que enviou o processo.</arg>
<arg>console=True</arg>
<doc>Logs the given message with the given level.</doc>
<status status="NOT RUN" starttime="20220709 14:30:36.188" endtime="20220709 14:30:36.188"/>
</kw>
<status status="NOT RUN" starttime="20220709 14:30:36.187" endtime="20220709 14:30:36.188"/>
</branch>
<branch type="ELSE">
<kw name="Unselect Frame" library="RPA.Browser.Selenium">
<doc>Sets the main frame as the current frame.</doc>
<status status="NOT RUN" starttime="20220709 14:30:36.188" endtime="20220709 14:30:36.188"/>
</kw>
<kw name="Input Text" library="RPA.Browser.Selenium">
<arg>//*[@id="txtPesquisaRapida"]</arg>
<arg>${last_doc_last_rem}</arg>
<doc>Types the given ``text`` into the text field identified by ``locator``.</doc>
<status status="NOT RUN" starttime="20220709 14:30:36.188" endtime="20220709 14:30:36.188"/>
</kw>
<kw name="Press Keys" library="RPA.Browser.Selenium">
<arg>//*[@id="txtPesquisaRapida"]</arg>
<arg>ENTER</arg>
<doc>Simulates the user pressing key(s) to an element or on the active browser.</doc>
<status status="NOT RUN" starttime="20220709 14:30:36.188" endtime="20220709 14:30:36.188"/>
</kw>
<kw name="Sleep" library="BuiltIn">
<arg>500ms</arg>
<doc>Pauses the test executed for the given time.</doc>
<status status="NOT RUN" starttime="20220709 14:30:36.188" endtime="20220709 14:30:36.188"/>
</kw>
<kw name="Unselect Frame" library="RPA.Browser.Selenium">
<doc>Sets the main frame as the current frame.</doc>
<status status="NOT RUN" starttime="20220709 14:30:36.188" endtime="20220709 14:30:36.188"/>
</kw>
<kw name="Select Frame" library="RPA.Browser.Selenium">
<arg>id=ifrVisualizacao</arg>
<doc>Sets frame identified by ``locator`` as the current frame.</doc>
<status status="NOT RUN" starttime="20220709 14:30:36.188" endtime="20220709 14:30:36.188"/>
</kw>
<kw name="Select Frame" library="RPA.Browser.Selenium">
<arg>id=ifrArvoreHtml</arg>
<doc>Sets frame identified by ``locator`` as the current frame.</doc>
<status status="NOT RUN" starttime="20220709 14:30:36.188" endtime="20220709 14:30:36.188"/>
</kw>
<kw name="Get Location" library="RPA.Browser.Selenium">
<var>${url_last_doc_last_rem}</var>
<doc>Returns the current browser window URL.</doc>
<status status="NOT RUN" starttime="20220709 14:30:36.188" endtime="20220709 14:30:36.188"/>
</kw>
<kw name="Split String" library="String">
<var>@{var1}</var>
<arg>${url_last_doc_last_rem}</arg>
<arg>id_protocolo=</arg>
<doc>Splits the ``string`` using ``separator`` as a delimiter string.</doc>
<status status="NOT RUN" starttime="20220709 14:30:36.188" endtime="20220709 14:30:36.189"/>
</kw>
<kw name="Set Variable" library="BuiltIn">
<var>${var2}</var>
<arg>${var1}[1]</arg>
<doc>Returns the given values which can then be assigned to a variables.</doc>
<status status="NOT RUN" starttime="20220709 14:30:36.189" endtime="20220709 14:30:36.189"/>
</kw>
<kw name="Split String" library="String">
<var>@{var3}</var>
<arg>${var2}</arg>
<arg>&amp;infra_sistema</arg>
<doc>Splits the ``string`` using ``separator`` as a delimiter string.</doc>
<status status="NOT RUN" starttime="20220709 14:30:36.189" endtime="20220709 14:30:36.189"/>
</kw>
<kw name="Set Variable" library="BuiltIn">
<var>${id_last_doc_last_rem}</var>
<arg>${var3}[0]</arg>
<doc>Returns the given values which can then be assigned to a variables.</doc>
<status status="NOT RUN" starttime="20220709 14:30:36.189" endtime="20220709 14:30:36.189"/>
</kw>
<kw name="Update value to JSON" library="RPA.JSON">
<var>${all_data}</var>
<arg>${all_data}</arg>
<arg>$.ProcessData[*].IDUltimoDocumentoAssinadoNoUltimoSetorRemetente</arg>
<arg>${id_last_doc_last_rem}</arg>
<doc>Update existing values in a JSON serializable object and return the result.
Will change all values that match the expression.</doc>
<status status="NOT RUN" starttime="20220709 14:30:36.189" endtime="20220709 14:30:36.189"/>
</kw>
<kw name="Save JSON to file" library="RPA.JSON">
<arg>${all_data}</arg>
<arg>${Dir_NaoVisualizados}/${file}</arg>
<doc>Save a JSON serializable object or a string containing
a JSON value into a file.</doc>
<status status="NOT RUN" starttime="20220709 14:30:36.189" endtime="20220709 14:30:36.189"/>
</kw>
<kw name="Get Text" library="RPA.Browser.Selenium">
<var>${text_last_doc_last_rem}</var>
<arg>//body</arg>
<doc>Returns the text value of the element identified by ``locator``.</doc>
<status status="NOT RUN" starttime="20220709 14:30:36.189" endtime="20220709 14:30:36.189"/>
</kw>
<kw name="Run Keyword And Return Status" library="BuiltIn">
<var>${contain_doc_assinado}</var>
<arg>Should Contain</arg>
<arg>${text_last_doc_last_rem}</arg>
<arg>Documento assinado eletronicamente por</arg>
<doc>Runs the given keyword with given arguments and returns the status as a Boolean value.</doc>
<status status="NOT RUN" starttime="20220709 14:30:36.189" endtime="20220709 14:30:36.189"/>
</kw>
<if>
<branch type="IF" condition="${contain_doc_assinado} == True">
<kw name="Split String" library="String">
<var>@{var1}</var>
<arg>${text_last_doc_last_rem}</arg>
<arg>Documento assinado eletronicamente por</arg>
<doc>Splits the ``string`` using ``separator`` as a delimiter string.</doc>
<status status="NOT RUN" starttime="20220709 14:30:36.189" endtime="20220709 14:30:36.189"/>
</kw>
<kw name="Set Variable" library="BuiltIn">
<var>${text_last_doc_last_rem}</var>
<arg>${var1}[0]</arg>
<doc>Returns the given values which can then be assigned to a variables.</doc>
<status status="NOT RUN" starttime="20220709 14:30:36.189" endtime="20220709 14:30:36.189"/>
</kw>
<kw name="Set Variable" library="BuiltIn">
<var>${var2}</var>
<arg>${var1}[1]</arg>
<doc>Returns the given values which can then be assigned to a variables.</doc>
<status status="NOT RUN" starttime="20220709 14:30:36.189" endtime="20220709 14:30:36.189"/>
</kw>
<kw name="Split String" library="String">
<var>@{var3}</var>
<arg>${var2}</arg>
<arg>A autenticidade do documento pode ser conferida no site:</arg>
<doc>Splits the ``string`` using ``separator`` as a delimiter string.</doc>
<status status="NOT RUN" starttime="20220709 14:30:36.190" endtime="20220709 14:30:36.190"/>
</kw>
<kw name="Set Variable" library="BuiltIn">
<var>${info_sign_last_doc_last_rem}</var>
<arg>Documento assinado eletronicamente por${var3}[0]</arg>
<doc>Returns the given values which can then be assigned to a variables.</doc>
<status status="NOT RUN" starttime="20220709 14:30:36.190" endtime="20220709 14:30:36.190"/>
</kw>
<status status="NOT RUN" starttime="20220709 14:30:36.189" endtime="20220709 14:30:36.190"/>
</branch>
<branch type="ELSE">
<kw name="Set Variable" library="BuiltIn">
<var>${info_sign_last_doc_last_rem}</var>
<arg>NULL</arg>
<doc>Returns the given values which can then be assigned to a variables.</doc>
<status status="NOT RUN" starttime="20220709 14:30:36.190" endtime="20220709 14:30:36.190"/>
</kw>
<status status="NOT RUN" starttime="20220709 14:30:36.190" endtime="20220709 14:30:36.190"/>
</branch>
<status status="NOT RUN" starttime="20220709 14:30:36.189" endtime="20220709 14:30:36.190"/>
</if>
<kw name="Update value to JSON" library="RPA.JSON">
<var>${all_data}</var>
<arg>${all_data}</arg>
<arg>$.ProcessData[*].TextoUltimoDocumentoAssinadoNoUltimoSetorRemetente</arg>
<arg>${text_last_doc_last_rem}</arg>
<doc>Update existing values in a JSON serializable object and return the result.
Will change all values that match the expression.</doc>
<status status="NOT RUN" starttime="20220709 14:30:36.190" endtime="20220709 14:30:36.190"/>
</kw>
<kw name="Update value to JSON" library="RPA.JSON">
<var>${all_data}</var>
<arg>${all_data}</arg>
<arg>$.ProcessData[*].InformacaoSobreAssinaturaDoUltimoDocumentoAssinadoNoUltimoSetorRemetente</arg>
<arg>${info_sign_last_doc_last_rem}</arg>
<doc>Update existing values in a JSON serializable object and return the result.
Will change all values that match the expression.</doc>
<status status="NOT RUN" starttime="20220709 14:30:36.190" endtime="20220709 14:30:36.190"/>
</kw>
<kw name="Save JSON to file" library="RPA.JSON">
<arg>${all_data}</arg>
<arg>${Dir_NaoVisualizados}/${file}</arg>
<doc>Save a JSON serializable object or a string containing
a JSON value into a file.</doc>
<status status="NOT RUN" starttime="20220709 14:30:36.190" endtime="20220709 14:30:36.190"/>
</kw>
<status status="NOT RUN" starttime="20220709 14:30:36.188" endtime="20220709 14:30:36.190"/>
</branch>
<status status="NOT RUN" starttime="20220709 14:30:36.187" endtime="20220709 14:30:36.190"/>
</if>
<if>
<branch type="IF" condition="${isEmptylast_doc_atual} == True">
<kw name="Log" library="BuiltIn">
<arg>Não foi encontrado documento assinado de origem da unidade atual.</arg>
<arg>console=True</arg>
<doc>Logs the given message with the given level.</doc>
<status status="NOT RUN" starttime="20220709 14:30:36.190" endtime="20220709 14:30:36.190"/>
</kw>
<status status="NOT RUN" starttime="20220709 14:30:36.190" endtime="20220709 14:30:36.190"/>
</branch>
<branch type="ELSE">
<kw name="Unselect Frame" library="RPA.Browser.Selenium">
<doc>Sets the main frame as the current frame.</doc>
<status status="NOT RUN" starttime="20220709 14:30:36.190" endtime="20220709 14:30:36.190"/>
</kw>
<kw name="Input Text" library="RPA.Browser.Selenium">
<arg>//*[@id="txtPesquisaRapida"]</arg>
<arg>${last_doc_atual}</arg>
<doc>Types the given ``text`` into the text field identified by ``locator``.</doc>
<status status="NOT RUN" starttime="20220709 14:30:36.190" endtime="20220709 14:30:36.190"/>
</kw>
<kw name="Press Keys" library="RPA.Browser.Selenium">
<arg>//*[@id="txtPesquisaRapida"]</arg>
<arg>ENTER</arg>
<doc>Simulates the user pressing key(s) to an element or on the active browser.</doc>
<status status="NOT RUN" starttime="20220709 14:30:36.191" endtime="20220709 14:30:36.191"/>
</kw>
<kw name="Sleep" library="BuiltIn">
<arg>500ms</arg>
<doc>Pauses the test executed for the given time.</doc>
<status status="NOT RUN" starttime="20220709 14:30:36.191" endtime="20220709 14:30:36.191"/>
</kw>
<kw name="Unselect Frame" library="RPA.Browser.Selenium">
<doc>Sets the main frame as the current frame.</doc>
<status status="NOT RUN" starttime="20220709 14:30:36.191" endtime="20220709 14:30:36.191"/>
</kw>
<kw name="Select Frame" library="RPA.Browser.Selenium">
<arg>id=ifrVisualizacao</arg>
<doc>Sets frame identified by ``locator`` as the current frame.</doc>
<status status="NOT RUN" starttime="20220709 14:30:36.191" endtime="20220709 14:30:36.191"/>
</kw>
<kw name="Select Frame" library="RPA.Browser.Selenium">
<arg>id=ifrArvoreHtml</arg>
<doc>Sets frame identified by ``locator`` as the current frame.</doc>
<status status="NOT RUN" starttime="20220709 14:30:36.191" endtime="20220709 14:30:36.191"/>
</kw>
<kw name="Get Location" library="RPA.Browser.Selenium">
<var>${url_last_doc_atual}</var>
<doc>Returns the current browser window URL.</doc>
<status status="NOT RUN" starttime="20220709 14:30:36.191" endtime="20220709 14:30:36.191"/>
</kw>
<kw name="Split String" library="String">
<var>@{var1}</var>
<arg>${url_last_doc_atual}</arg>
<arg>id_protocolo=</arg>
<doc>Splits the ``string`` using ``separator`` as a delimiter string.</doc>
<status status="NOT RUN" starttime="20220709 14:30:36.191" endtime="20220709 14:30:36.191"/>
</kw>
<kw name="Set Variable" library="BuiltIn">
<var>${var2}</var>
<arg>${var1}[1]</arg>
<doc>Returns the given values which can then be assigned to a variables.</doc>
